ERROR - 2026-07-08 20:08:33 --> Error connecting to the database: mysqli_sql_exception: No connection could be made because the target machine actively refused it in C:\XAMPP\htdocs\New folder\cookpad-v2\vendor\codeigniter4\framework\system\Database\MySQLi\Connection.php:186
Stack trace:
#0 C:\XAMPP\htdocs\New folder\cookpad-v2\vendor\codeigniter4\framework\system\Database\MySQLi\Connection.php(186): mysqli->real_connect('localhost', 'root', Object(SensitiveParameterValue), 'mini_cookpad', 3306, '', 0)
#1 C:\XAMPP\htdocs\New folder\cookpad-v2\vendor\codeigniter4\framework\system\Database\BaseConnection.php(421): CodeIgniter\Database\MySQLi\Connection->connect(false)
#2 C:\XAMPP\htdocs\New folder\cookpad-v2\vendor\codeigniter4\framework\system\Database\BaseConnection.php(616): CodeIgniter\Database\BaseConnection->initialize()
#3 C:\XAMPP\htdocs\New folder\cookpad-v2\vendor\codeigniter4\framework\system\Database\BaseConnection.php(1487): CodeIgniter\Database\BaseConnection->query('SHOW TABLES FRO...')
#4 C:\XAMPP\htdocs\New folder\cookpad-v2\vendor\codeigniter4\framework\system\Database\BaseConnection.php(1507): CodeIgniter\Database\BaseConnection->listTables()
#5 C:\XAMPP\htdocs\New folder\cookpad-v2\vendor\codeigniter4\framework\system\Database\MigrationRunner.php(758): CodeIgniter\Database\BaseConnection->tableExists('migrations')
#6 C:\XAMPP\htdocs\New folder\cookpad-v2\vendor\codeigniter4\framework\system\Database\MigrationRunner.php(162): CodeIgniter\Database\MigrationRunner->ensureTable()
#7 C:\XAMPP\htdocs\New folder\cookpad-v2\vendor\codeigniter4\framework\system\Commands\Database\Migrate.php(85): CodeIgniter\Database\MigrationRunner->latest(NULL)
#8 C:\XAMPP\htdocs\New folder\cookpad-v2\vendor\codeigniter4\framework\system\CLI\Commands.php(70): CodeIgniter\Commands\Database\Migrate->run(Array)
#9 C:\XAMPP\htdocs\New folder\cookpad-v2\vendor\codeigniter4\framework\system\CLI\Console.php(48): CodeIgniter\CLI\Commands->run('migrate', Array)
#10 C:\XAMPP\htdocs\New folder\cookpad-v2\vendor\codeigniter4\framework\system\Boot.php(360): CodeIgniter\CLI\Console->run()
#11 C:\XAMPP\htdocs\New folder\cookpad-v2\vendor\codeigniter4\framework\system\Boot.php(104): CodeIgniter\Boot::runCommand(Object(CodeIgniter\CLI\Console))
#12 C:\XAMPP\htdocs\New folder\cookpad-v2\spark(84): CodeIgniter\Boot::bootSpark(Object(Config\Paths))
#13 {main}

Next CodeIgniter\Database\Exceptions\DatabaseException: No connection could be made because the target machine actively refused it in C:\XAMPP\htdocs\New folder\cookpad-v2\vendor\codeigniter4\framework\system\Database\MySQLi\Connection.php:231
Stack trace:
#0 C:\XAMPP\htdocs\New folder\cookpad-v2\vendor\codeigniter4\framework\system\Database\BaseConnection.php(421): CodeIgniter\Database\MySQLi\Connection->connect(false)
#1 C:\XAMPP\htdocs\New folder\cookpad-v2\vendor\codeigniter4\framework\system\Database\BaseConnection.php(616): CodeIgniter\Database\BaseConnection->initialize()
#2 C:\XAMPP\htdocs\New folder\cookpad-v2\vendor\codeigniter4\framework\system\Database\BaseConnection.php(1487): CodeIgniter\Database\BaseConnection->query('SHOW TABLES FRO...')
#3 C:\XAMPP\htdocs\New folder\cookpad-v2\vendor\codeigniter4\framework\system\Database\BaseConnection.php(1507): CodeIgniter\Database\BaseConnection->listTables()
#4 C:\XAMPP\htdocs\New folder\cookpad-v2\vendor\codeigniter4\framework\system\Database\MigrationRunner.php(758): CodeIgniter\Database\BaseConnection->tableExists('migrations')
#5 C:\XAMPP\htdocs\New folder\cookpad-v2\vendor\codeigniter4\framework\system\Database\MigrationRunner.php(162): CodeIgniter\Database\MigrationRunner->ensureTable()
#6 C:\XAMPP\htdocs\New folder\cookpad-v2\vendor\codeigniter4\framework\system\Commands\Database\Migrate.php(85): CodeIgniter\Database\MigrationRunner->latest(NULL)
#7 C:\XAMPP\htdocs\New folder\cookpad-v2\vendor\codeigniter4\framework\system\CLI\Commands.php(70): CodeIgniter\Commands\Database\Migrate->run(Array)
#8 C:\XAMPP\htdocs\New folder\cookpad-v2\vendor\codeigniter4\framework\system\CLI\Console.php(48): CodeIgniter\CLI\Commands->run('migrate', Array)
#9 C:\XAMPP\htdocs\New folder\cookpad-v2\vendor\codeigniter4\framework\system\Boot.php(360): CodeIgniter\CLI\Console->run()
#10 C:\XAMPP\htdocs\New folder\cookpad-v2\vendor\codeigniter4\framework\system\Boot.php(104): CodeIgniter\Boot::runCommand(Object(CodeIgniter\CLI\Console))
#11 C:\XAMPP\htdocs\New folder\cookpad-v2\spark(84): CodeIgniter\Boot::bootSpark(Object(Config\Paths))
#12 {main}
ERROR - 2026-07-08 20:08:38 --> Error connecting to the database: mysqli_sql_exception: No connection could be made because the target machine actively refused it in C:\XAMPP\htdocs\New folder\cookpad-v2\vendor\codeigniter4\framework\system\Database\MySQLi\Connection.php:186
Stack trace:
#0 C:\XAMPP\htdocs\New folder\cookpad-v2\vendor\codeigniter4\framework\system\Database\MySQLi\Connection.php(186): mysqli->real_connect('localhost', 'root', Object(SensitiveParameterValue), 'mini_cookpad', 3306, '', 0)
#1 C:\XAMPP\htdocs\New folder\cookpad-v2\vendor\codeigniter4\framework\system\Database\BaseConnection.php(421): CodeIgniter\Database\MySQLi\Connection->connect(false)
#2 C:\XAMPP\htdocs\New folder\cookpad-v2\vendor\codeigniter4\framework\system\Database\Database.php(72): CodeIgniter\Database\BaseConnection->initialize()
#3 C:\XAMPP\htdocs\New folder\cookpad-v2\vendor\codeigniter4\framework\system\Database\Config.php(111): CodeIgniter\Database\Database->loadForge(Object(CodeIgniter\Database\MySQLi\Connection))
#4 C:\XAMPP\htdocs\New folder\cookpad-v2\vendor\codeigniter4\framework\system\Database\Seeder.php(98): CodeIgniter\Database\Config::forge(NULL)
#5 C:\XAMPP\htdocs\New folder\cookpad-v2\vendor\codeigniter4\framework\system\Commands\Database\Seed.php(71): CodeIgniter\Database\Seeder->__construct(Object(Config\Database))
#6 C:\XAMPP\htdocs\New folder\cookpad-v2\vendor\codeigniter4\framework\system\CLI\Commands.php(70): CodeIgniter\Commands\Database\Seed->run(Array)
#7 C:\XAMPP\htdocs\New folder\cookpad-v2\vendor\codeigniter4\framework\system\CLI\Console.php(48): CodeIgniter\CLI\Commands->run('db:seed', Array)
#8 C:\XAMPP\htdocs\New folder\cookpad-v2\vendor\codeigniter4\framework\system\Boot.php(360): CodeIgniter\CLI\Console->run()
#9 C:\XAMPP\htdocs\New folder\cookpad-v2\vendor\codeigniter4\framework\system\Boot.php(104): CodeIgniter\Boot::runCommand(Object(CodeIgniter\CLI\Console))
#10 C:\XAMPP\htdocs\New folder\cookpad-v2\spark(84): CodeIgniter\Boot::bootSpark(Object(Config\Paths))
#11 {main}

Next CodeIgniter\Database\Exceptions\DatabaseException: No connection could be made because the target machine actively refused it in C:\XAMPP\htdocs\New folder\cookpad-v2\vendor\codeigniter4\framework\system\Database\MySQLi\Connection.php:231
Stack trace:
#0 C:\XAMPP\htdocs\New folder\cookpad-v2\vendor\codeigniter4\framework\system\Database\BaseConnection.php(421): CodeIgniter\Database\MySQLi\Connection->connect(false)
#1 C:\XAMPP\htdocs\New folder\cookpad-v2\vendor\codeigniter4\framework\system\Database\Database.php(72): CodeIgniter\Database\BaseConnection->initialize()
#2 C:\XAMPP\htdocs\New folder\cookpad-v2\vendor\codeigniter4\framework\system\Database\Config.php(111): CodeIgniter\Database\Database->loadForge(Object(CodeIgniter\Database\MySQLi\Connection))
#3 C:\XAMPP\htdocs\New folder\cookpad-v2\vendor\codeigniter4\framework\system\Database\Seeder.php(98): CodeIgniter\Database\Config::forge(NULL)
#4 C:\XAMPP\htdocs\New folder\cookpad-v2\vendor\codeigniter4\framework\system\Commands\Database\Seed.php(71): CodeIgniter\Database\Seeder->__construct(Object(Config\Database))
#5 C:\XAMPP\htdocs\New folder\cookpad-v2\vendor\codeigniter4\framework\system\CLI\Commands.php(70): CodeIgniter\Commands\Database\Seed->run(Array)
#6 C:\XAMPP\htdocs\New folder\cookpad-v2\vendor\codeigniter4\framework\system\CLI\Console.php(48): CodeIgniter\CLI\Commands->run('db:seed', Array)
#7 C:\XAMPP\htdocs\New folder\cookpad-v2\vendor\codeigniter4\framework\system\Boot.php(360): CodeIgniter\CLI\Console->run()
#8 C:\XAMPP\htdocs\New folder\cookpad-v2\vendor\codeigniter4\framework\system\Boot.php(104): CodeIgniter\Boot::runCommand(Object(CodeIgniter\CLI\Console))
#9 C:\XAMPP\htdocs\New folder\cookpad-v2\spark(84): CodeIgniter\Boot::bootSpark(Object(Config\Paths))
#10 {main}
CRITICAL - 2026-07-08 20:08:38 --> CodeIgniter\Database\Exceptions\DatabaseException: Unable to connect to the database.
Main connection [MySQLi]: No connection could be made because the target machine actively refused it
[Method: CLI, Route: db:seed/InitialSeeder]
in SYSTEMPATH\Database\BaseConnection.php on line 467.
 1 SYSTEMPATH\Database\Database.php(72): CodeIgniter\Database\BaseConnection->initialize()
 2 SYSTEMPATH\Database\Config.php(111): CodeIgniter\Database\Database->loadForge(Object(CodeIgniter\Database\MySQLi\Connection))
 3 SYSTEMPATH\Database\Seeder.php(98): CodeIgniter\Database\Config::forge(null)
 4 SYSTEMPATH\Commands\Database\Seed.php(71): CodeIgniter\Database\Seeder->__construct(Object(Config\Database))
 5 SYSTEMPATH\CLI\Commands.php(70): CodeIgniter\Commands\Database\Seed->run([...])
 6 SYSTEMPATH\CLI\Console.php(48): CodeIgniter\CLI\Commands->run('db:seed', [...])
 7 SYSTEMPATH\Boot.php(360): CodeIgniter\CLI\Console->run()
 8 SYSTEMPATH\Boot.php(104): CodeIgniter\Boot::runCommand(Object(CodeIgniter\CLI\Console))
 9 ROOTPATH\spark(84): CodeIgniter\Boot::bootSpark(Object(Config\Paths))
ERROR - 2026-07-08 20:09:27 --> Error connecting to the database: mysqli_sql_exception: No connection could be made because the target machine actively refused it in C:\XAMPP\htdocs\New folder\cookpad-v2\vendor\codeigniter4\framework\system\Database\MySQLi\Connection.php:186
Stack trace:
#0 C:\XAMPP\htdocs\New folder\cookpad-v2\vendor\codeigniter4\framework\system\Database\MySQLi\Connection.php(186): mysqli->real_connect('localhost', 'root', Object(SensitiveParameterValue), 'mini_cookpad', 3306, '', 0)
#1 C:\XAMPP\htdocs\New folder\cookpad-v2\vendor\codeigniter4\framework\system\Database\BaseConnection.php(421): CodeIgniter\Database\MySQLi\Connection->connect(false)
#2 C:\XAMPP\htdocs\New folder\cookpad-v2\vendor\codeigniter4\framework\system\Database\BaseConnection.php(616): CodeIgniter\Database\BaseConnection->initialize()
#3 C:\XAMPP\htdocs\New folder\cookpad-v2\vendor\codeigniter4\framework\system\Database\BaseBuilder.php(1644): CodeIgniter\Database\BaseConnection->query('SELECT `recipes...', Array, false)
#4 C:\XAMPP\htdocs\New folder\cookpad-v2\app\Models\RecipeModel.php(75): CodeIgniter\Database\BaseBuilder->get()
#5 C:\XAMPP\htdocs\New folder\cookpad-v2\app\Controllers\Home.php(42): App\Models\RecipeModel->getFiltered(Array)
#6 C:\XAMPP\htdocs\New folder\cookpad-v2\vendor\codeigniter4\framework\system\CodeIgniter.php(933): App\Controllers\Home->index()
#7 C:\XAMPP\htdocs\New folder\cookpad-v2\vendor\codeigniter4\framework\system\CodeIgniter.php(509): CodeIgniter\CodeIgniter->runController(Object(App\Controllers\Home))
#8 C:\XAMPP\htdocs\New folder\cookpad-v2\vendor\codeigniter4\framework\system\CodeIgniter.php(355): CodeIgniter\CodeIgniter->handleRequest(NULL, Object(Config\Cache), false)
#9 C:\XAMPP\htdocs\New folder\cookpad-v2\vendor\codeigniter4\framework\system\Boot.php(334): CodeIgniter\CodeIgniter->run()
#10 C:\XAMPP\htdocs\New folder\cookpad-v2\vendor\codeigniter4\framework\system\Boot.php(67): CodeIgniter\Boot::runCodeIgniter(Object(CodeIgniter\CodeIgniter))
#11 C:\XAMPP\htdocs\New folder\cookpad-v2\public\index.php(56): CodeIgniter\Boot::bootWeb(Object(Config\Paths))
#12 C:\XAMPP\htdocs\New folder\cookpad-v2\vendor\codeigniter4\framework\system\rewrite.php(44): require_once('C:\\XAMPP\\htdocs...')
#13 {main}

Next CodeIgniter\Database\Exceptions\DatabaseException: No connection could be made because the target machine actively refused it in C:\XAMPP\htdocs\New folder\cookpad-v2\vendor\codeigniter4\framework\system\Database\MySQLi\Connection.php:231
Stack trace:
#0 C:\XAMPP\htdocs\New folder\cookpad-v2\vendor\codeigniter4\framework\system\Database\BaseConnection.php(421): CodeIgniter\Database\MySQLi\Connection->connect(false)
#1 C:\XAMPP\htdocs\New folder\cookpad-v2\vendor\codeigniter4\framework\system\Database\BaseConnection.php(616): CodeIgniter\Database\BaseConnection->initialize()
#2 C:\XAMPP\htdocs\New folder\cookpad-v2\vendor\codeigniter4\framework\system\Database\BaseBuilder.php(1644): CodeIgniter\Database\BaseConnection->query('SELECT `recipes...', Array, false)
#3 C:\XAMPP\htdocs\New folder\cookpad-v2\app\Models\RecipeModel.php(75): CodeIgniter\Database\BaseBuilder->get()
#4 C:\XAMPP\htdocs\New folder\cookpad-v2\app\Controllers\Home.php(42): App\Models\RecipeModel->getFiltered(Array)
#5 C:\XAMPP\htdocs\New folder\cookpad-v2\vendor\codeigniter4\framework\system\CodeIgniter.php(933): App\Controllers\Home->index()
#6 C:\XAMPP\htdocs\New folder\cookpad-v2\vendor\codeigniter4\framework\system\CodeIgniter.php(509): CodeIgniter\CodeIgniter->runController(Object(App\Controllers\Home))
#7 C:\XAMPP\htdocs\New folder\cookpad-v2\vendor\codeigniter4\framework\system\CodeIgniter.php(355): CodeIgniter\CodeIgniter->handleRequest(NULL, Object(Config\Cache), false)
#8 C:\XAMPP\htdocs\New folder\cookpad-v2\vendor\codeigniter4\framework\system\Boot.php(334): CodeIgniter\CodeIgniter->run()
#9 C:\XAMPP\htdocs\New folder\cookpad-v2\vendor\codeigniter4\framework\system\Boot.php(67): CodeIgniter\Boot::runCodeIgniter(Object(CodeIgniter\CodeIgniter))
#10 C:\XAMPP\htdocs\New folder\cookpad-v2\public\index.php(56): CodeIgniter\Boot::bootWeb(Object(Config\Paths))
#11 C:\XAMPP\htdocs\New folder\cookpad-v2\vendor\codeigniter4\framework\system\rewrite.php(44): require_once('C:\\XAMPP\\htdocs...')
#12 {main}
CRITICAL - 2026-07-08 20:09:27 --> CodeIgniter\Database\Exceptions\DatabaseException: Unable to connect to the database.
Main connection [MySQLi]: No connection could be made because the target machine actively refused it
[Method: GET, Route: /]
in SYSTEMPATH\Database\BaseConnection.php on line 467.
 1 SYSTEMPATH\Database\BaseConnection.php(616): CodeIgniter\Database\BaseConnection->initialize()
 2 SYSTEMPATH\Database\BaseBuilder.php(1644): CodeIgniter\Database\BaseConnection->query('SELECT `recipes`.*, `users`.`name` as `chef_name`, `users`.`avatar` as `chef_avatar`
FROM `recipes`
JOIN `users` ON `users`.`id` = `recipes`.`chef_id`
WHERE `recipes`.`status` = :recipes.status:
ORDER BY `recipes`.`created_at` DESC', [...], false)
 3 APPPATH\Models\RecipeModel.php(75): CodeIgniter\Database\BaseBuilder->get()
 4 APPPATH\Controllers\Home.php(42): App\Models\RecipeModel->getFiltered([])
 5 SYSTEMPATH\CodeIgniter.php(933): App\Controllers\Home->index()
 6 SYSTEMPATH\CodeIgniter.php(509): CodeIgniter\CodeIgniter->runController(Object(App\Controllers\Home))
 7 SYSTEMPATH\CodeIgniter.php(355): CodeIgniter\CodeIgniter->handleRequest(null, Object(Config\Cache), false)
 8 SYSTEMPATH\Boot.php(334): CodeIgniter\CodeIgniter->run()
 9 SYSTEMPATH\Boot.php(67): CodeIgniter\Boot::runCodeIgniter(Object(CodeIgniter\CodeIgniter))
10 FCPATH\index.php(56): CodeIgniter\Boot::bootWeb(Object(Config\Paths))
11 SYSTEMPATH\rewrite.php(44): require_once('C:\\XAMPP\\htdocs\\New folder\\cookpad-v2\\public\\index.php')
ERROR - 2026-07-08 20:09:32 --> Error connecting to the database: mysqli_sql_exception: No connection could be made because the target machine actively refused it in C:\XAMPP\htdocs\New folder\cookpad-v2\vendor\codeigniter4\framework\system\Database\MySQLi\Connection.php:186
Stack trace:
#0 C:\XAMPP\htdocs\New folder\cookpad-v2\vendor\codeigniter4\framework\system\Database\MySQLi\Connection.php(186): mysqli->real_connect('localhost', 'root', Object(SensitiveParameterValue), 'mini_cookpad', 3306, '', 0)
#1 C:\XAMPP\htdocs\New folder\cookpad-v2\vendor\codeigniter4\framework\system\Database\BaseConnection.php(421): CodeIgniter\Database\MySQLi\Connection->connect(false)
#2 C:\XAMPP\htdocs\New folder\cookpad-v2\vendor\codeigniter4\framework\system\Database\BaseConnection.php(616): CodeIgniter\Database\BaseConnection->initialize()
#3 C:\XAMPP\htdocs\New folder\cookpad-v2\vendor\codeigniter4\framework\system\Database\BaseBuilder.php(1644): CodeIgniter\Database\BaseConnection->query('SELECT `recipes...', Array, false)
#4 C:\XAMPP\htdocs\New folder\cookpad-v2\app\Models\RecipeModel.php(75): CodeIgniter\Database\BaseBuilder->get()
#5 C:\XAMPP\htdocs\New folder\cookpad-v2\app\Controllers\Home.php(42): App\Models\RecipeModel->getFiltered(Array)
#6 C:\XAMPP\htdocs\New folder\cookpad-v2\vendor\codeigniter4\framework\system\CodeIgniter.php(933): App\Controllers\Home->index()
#7 C:\XAMPP\htdocs\New folder\cookpad-v2\vendor\codeigniter4\framework\system\CodeIgniter.php(509): CodeIgniter\CodeIgniter->runController(Object(App\Controllers\Home))
#8 C:\XAMPP\htdocs\New folder\cookpad-v2\vendor\codeigniter4\framework\system\CodeIgniter.php(355): CodeIgniter\CodeIgniter->handleRequest(NULL, Object(Config\Cache), false)
#9 C:\XAMPP\htdocs\New folder\cookpad-v2\vendor\codeigniter4\framework\system\Boot.php(334): CodeIgniter\CodeIgniter->run()
#10 C:\XAMPP\htdocs\New folder\cookpad-v2\vendor\codeigniter4\framework\system\Boot.php(67): CodeIgniter\Boot::runCodeIgniter(Object(CodeIgniter\CodeIgniter))
#11 C:\XAMPP\htdocs\New folder\cookpad-v2\public\index.php(56): CodeIgniter\Boot::bootWeb(Object(Config\Paths))
#12 C:\XAMPP\htdocs\New folder\cookpad-v2\vendor\codeigniter4\framework\system\rewrite.php(44): require_once('C:\\XAMPP\\htdocs...')
#13 {main}

Next CodeIgniter\Database\Exceptions\DatabaseException: No connection could be made because the target machine actively refused it in C:\XAMPP\htdocs\New folder\cookpad-v2\vendor\codeigniter4\framework\system\Database\MySQLi\Connection.php:231
Stack trace:
#0 C:\XAMPP\htdocs\New folder\cookpad-v2\vendor\codeigniter4\framework\system\Database\BaseConnection.php(421): CodeIgniter\Database\MySQLi\Connection->connect(false)
#1 C:\XAMPP\htdocs\New folder\cookpad-v2\vendor\codeigniter4\framework\system\Database\BaseConnection.php(616): CodeIgniter\Database\BaseConnection->initialize()
#2 C:\XAMPP\htdocs\New folder\cookpad-v2\vendor\codeigniter4\framework\system\Database\BaseBuilder.php(1644): CodeIgniter\Database\BaseConnection->query('SELECT `recipes...', Array, false)
#3 C:\XAMPP\htdocs\New folder\cookpad-v2\app\Models\RecipeModel.php(75): CodeIgniter\Database\BaseBuilder->get()
#4 C:\XAMPP\htdocs\New folder\cookpad-v2\app\Controllers\Home.php(42): App\Models\RecipeModel->getFiltered(Array)
#5 C:\XAMPP\htdocs\New folder\cookpad-v2\vendor\codeigniter4\framework\system\CodeIgniter.php(933): App\Controllers\Home->index()
#6 C:\XAMPP\htdocs\New folder\cookpad-v2\vendor\codeigniter4\framework\system\CodeIgniter.php(509): CodeIgniter\CodeIgniter->runController(Object(App\Controllers\Home))
#7 C:\XAMPP\htdocs\New folder\cookpad-v2\vendor\codeigniter4\framework\system\CodeIgniter.php(355): CodeIgniter\CodeIgniter->handleRequest(NULL, Object(Config\Cache), false)
#8 C:\XAMPP\htdocs\New folder\cookpad-v2\vendor\codeigniter4\framework\system\Boot.php(334): CodeIgniter\CodeIgniter->run()
#9 C:\XAMPP\htdocs\New folder\cookpad-v2\vendor\codeigniter4\framework\system\Boot.php(67): CodeIgniter\Boot::runCodeIgniter(Object(CodeIgniter\CodeIgniter))
#10 C:\XAMPP\htdocs\New folder\cookpad-v2\public\index.php(56): CodeIgniter\Boot::bootWeb(Object(Config\Paths))
#11 C:\XAMPP\htdocs\New folder\cookpad-v2\vendor\codeigniter4\framework\system\rewrite.php(44): require_once('C:\\XAMPP\\htdocs...')
#12 {main}
CRITICAL - 2026-07-08 20:09:32 --> CodeIgniter\Database\Exceptions\DatabaseException: Unable to connect to the database.
Main connection [MySQLi]: No connection could be made because the target machine actively refused it
[Method: GET, Route: /]
in SYSTEMPATH\Database\BaseConnection.php on line 467.
 1 SYSTEMPATH\Database\BaseConnection.php(616): CodeIgniter\Database\BaseConnection->initialize()
 2 SYSTEMPATH\Database\BaseBuilder.php(1644): CodeIgniter\Database\BaseConnection->query('SELECT `recipes`.*, `users`.`name` as `chef_name`, `users`.`avatar` as `chef_avatar`
FROM `recipes`
JOIN `users` ON `users`.`id` = `recipes`.`chef_id`
WHERE `recipes`.`status` = :recipes.status:
ORDER BY `recipes`.`created_at` DESC', [...], false)
 3 APPPATH\Models\RecipeModel.php(75): CodeIgniter\Database\BaseBuilder->get()
 4 APPPATH\Controllers\Home.php(42): App\Models\RecipeModel->getFiltered([])
 5 SYSTEMPATH\CodeIgniter.php(933): App\Controllers\Home->index()
 6 SYSTEMPATH\CodeIgniter.php(509): CodeIgniter\CodeIgniter->runController(Object(App\Controllers\Home))
 7 SYSTEMPATH\CodeIgniter.php(355): CodeIgniter\CodeIgniter->handleRequest(null, Object(Config\Cache), false)
 8 SYSTEMPATH\Boot.php(334): CodeIgniter\CodeIgniter->run()
 9 SYSTEMPATH\Boot.php(67): CodeIgniter\Boot::runCodeIgniter(Object(CodeIgniter\CodeIgniter))
10 FCPATH\index.php(56): CodeIgniter\Boot::bootWeb(Object(Config\Paths))
11 SYSTEMPATH\rewrite.php(44): require_once('C:\\XAMPP\\htdocs\\New folder\\cookpad-v2\\public\\index.php')
ERROR - 2026-07-08 20:10:01 --> Error connecting to the database: mysqli_sql_exception: No connection could be made because the target machine actively refused it in C:\XAMPP\htdocs\New folder\cookpad-v2\vendor\codeigniter4\framework\system\Database\MySQLi\Connection.php:186
Stack trace:
#0 C:\XAMPP\htdocs\New folder\cookpad-v2\vendor\codeigniter4\framework\system\Database\MySQLi\Connection.php(186): mysqli->real_connect('localhost', 'root', Object(SensitiveParameterValue), 'mini_cookpad', 3306, '', 0)
#1 C:\XAMPP\htdocs\New folder\cookpad-v2\vendor\codeigniter4\framework\system\Database\BaseConnection.php(421): CodeIgniter\Database\MySQLi\Connection->connect(false)
#2 C:\XAMPP\htdocs\New folder\cookpad-v2\vendor\codeigniter4\framework\system\Database\BaseConnection.php(616): CodeIgniter\Database\BaseConnection->initialize()
#3 C:\XAMPP\htdocs\New folder\cookpad-v2\vendor\codeigniter4\framework\system\Database\BaseBuilder.php(1644): CodeIgniter\Database\BaseConnection->query('SELECT `recipes...', Array, false)
#4 C:\XAMPP\htdocs\New folder\cookpad-v2\app\Models\RecipeModel.php(75): CodeIgniter\Database\BaseBuilder->get()
#5 C:\XAMPP\htdocs\New folder\cookpad-v2\app\Controllers\Home.php(42): App\Models\RecipeModel->getFiltered(Array)
#6 C:\XAMPP\htdocs\New folder\cookpad-v2\vendor\codeigniter4\framework\system\CodeIgniter.php(933): App\Controllers\Home->index()
#7 C:\XAMPP\htdocs\New folder\cookpad-v2\vendor\codeigniter4\framework\system\CodeIgniter.php(509): CodeIgniter\CodeIgniter->runController(Object(App\Controllers\Home))
#8 C:\XAMPP\htdocs\New folder\cookpad-v2\vendor\codeigniter4\framework\system\CodeIgniter.php(355): CodeIgniter\CodeIgniter->handleRequest(NULL, Object(Config\Cache), false)
#9 C:\XAMPP\htdocs\New folder\cookpad-v2\vendor\codeigniter4\framework\system\Boot.php(334): CodeIgniter\CodeIgniter->run()
#10 C:\XAMPP\htdocs\New folder\cookpad-v2\vendor\codeigniter4\framework\system\Boot.php(67): CodeIgniter\Boot::runCodeIgniter(Object(CodeIgniter\CodeIgniter))
#11 C:\XAMPP\htdocs\New folder\cookpad-v2\public\index.php(56): CodeIgniter\Boot::bootWeb(Object(Config\Paths))
#12 C:\XAMPP\htdocs\New folder\cookpad-v2\vendor\codeigniter4\framework\system\rewrite.php(44): require_once('C:\\XAMPP\\htdocs...')
#13 {main}

Next CodeIgniter\Database\Exceptions\DatabaseException: No connection could be made because the target machine actively refused it in C:\XAMPP\htdocs\New folder\cookpad-v2\vendor\codeigniter4\framework\system\Database\MySQLi\Connection.php:231
Stack trace:
#0 C:\XAMPP\htdocs\New folder\cookpad-v2\vendor\codeigniter4\framework\system\Database\BaseConnection.php(421): CodeIgniter\Database\MySQLi\Connection->connect(false)
#1 C:\XAMPP\htdocs\New folder\cookpad-v2\vendor\codeigniter4\framework\system\Database\BaseConnection.php(616): CodeIgniter\Database\BaseConnection->initialize()
#2 C:\XAMPP\htdocs\New folder\cookpad-v2\vendor\codeigniter4\framework\system\Database\BaseBuilder.php(1644): CodeIgniter\Database\BaseConnection->query('SELECT `recipes...', Array, false)
#3 C:\XAMPP\htdocs\New folder\cookpad-v2\app\Models\RecipeModel.php(75): CodeIgniter\Database\BaseBuilder->get()
#4 C:\XAMPP\htdocs\New folder\cookpad-v2\app\Controllers\Home.php(42): App\Models\RecipeModel->getFiltered(Array)
#5 C:\XAMPP\htdocs\New folder\cookpad-v2\vendor\codeigniter4\framework\system\CodeIgniter.php(933): App\Controllers\Home->index()
#6 C:\XAMPP\htdocs\New folder\cookpad-v2\vendor\codeigniter4\framework\system\CodeIgniter.php(509): CodeIgniter\CodeIgniter->runController(Object(App\Controllers\Home))
#7 C:\XAMPP\htdocs\New folder\cookpad-v2\vendor\codeigniter4\framework\system\CodeIgniter.php(355): CodeIgniter\CodeIgniter->handleRequest(NULL, Object(Config\Cache), false)
#8 C:\XAMPP\htdocs\New folder\cookpad-v2\vendor\codeigniter4\framework\system\Boot.php(334): CodeIgniter\CodeIgniter->run()
#9 C:\XAMPP\htdocs\New folder\cookpad-v2\vendor\codeigniter4\framework\system\Boot.php(67): CodeIgniter\Boot::runCodeIgniter(Object(CodeIgniter\CodeIgniter))
#10 C:\XAMPP\htdocs\New folder\cookpad-v2\public\index.php(56): CodeIgniter\Boot::bootWeb(Object(Config\Paths))
#11 C:\XAMPP\htdocs\New folder\cookpad-v2\vendor\codeigniter4\framework\system\rewrite.php(44): require_once('C:\\XAMPP\\htdocs...')
#12 {main}
CRITICAL - 2026-07-08 20:10:01 --> CodeIgniter\Database\Exceptions\DatabaseException: Unable to connect to the database.
Main connection [MySQLi]: No connection could be made because the target machine actively refused it
[Method: GET, Route: /]
in SYSTEMPATH\Database\BaseConnection.php on line 467.
 1 SYSTEMPATH\Database\BaseConnection.php(616): CodeIgniter\Database\BaseConnection->initialize()
 2 SYSTEMPATH\Database\BaseBuilder.php(1644): CodeIgniter\Database\BaseConnection->query('SELECT `recipes`.*, `users`.`name` as `chef_name`, `users`.`avatar` as `chef_avatar`
FROM `recipes`
JOIN `users` ON `users`.`id` = `recipes`.`chef_id`
WHERE `recipes`.`status` = :recipes.status:
ORDER BY `recipes`.`created_at` DESC', [...], false)
 3 APPPATH\Models\RecipeModel.php(75): CodeIgniter\Database\BaseBuilder->get()
 4 APPPATH\Controllers\Home.php(42): App\Models\RecipeModel->getFiltered([])
 5 SYSTEMPATH\CodeIgniter.php(933): App\Controllers\Home->index()
 6 SYSTEMPATH\CodeIgniter.php(509): CodeIgniter\CodeIgniter->runController(Object(App\Controllers\Home))
 7 SYSTEMPATH\CodeIgniter.php(355): CodeIgniter\CodeIgniter->handleRequest(null, Object(Config\Cache), false)
 8 SYSTEMPATH\Boot.php(334): CodeIgniter\CodeIgniter->run()
 9 SYSTEMPATH\Boot.php(67): CodeIgniter\Boot::runCodeIgniter(Object(CodeIgniter\CodeIgniter))
10 FCPATH\index.php(56): CodeIgniter\Boot::bootWeb(Object(Config\Paths))
11 SYSTEMPATH\rewrite.php(44): require_once('C:\\XAMPP\\htdocs\\New folder\\cookpad-v2\\public\\index.php')
DEBUG - 2026-07-08 20:10:41 --> Session: Class initialized using 'CodeIgniter\Session\Handlers\FileHandler' driver.
DEBUG - 2026-07-08 20:10:46 --> Session: Class initialized using 'CodeIgniter\Session\Handlers\FileHandler' driver.
DEBUG - 2026-07-08 20:10:58 --> Session: Class initialized using 'CodeIgniter\Session\Handlers\FileHandler' driver.
INFO - 2026-07-08 20:11:17 --> CSRF token verified.
DEBUG - 2026-07-08 20:11:17 --> Session: Class initialized using 'CodeIgniter\Session\Handlers\FileHandler' driver.
DEBUG - 2026-07-08 20:11:17 --> Session: Class initialized using 'CodeIgniter\Session\Handlers\FileHandler' driver.
DEBUG - 2026-07-08 20:11:26 --> Session: Class initialized using 'CodeIgniter\Session\Handlers\FileHandler' driver.
INFO - 2026-07-08 20:11:32 --> CSRF token verified.
DEBUG - 2026-07-08 20:11:32 --> Session: Class initialized using 'CodeIgniter\Session\Handlers\FileHandler' driver.
DEBUG - 2026-07-08 20:11:33 --> Session: Class initialized using 'CodeIgniter\Session\Handlers\FileHandler' driver.
DEBUG - 2026-07-08 20:11:35 --> Session: Class initialized using 'CodeIgniter\Session\Handlers\FileHandler' driver.
DEBUG - 2026-07-08 20:11:39 --> Session: Class initialized using 'CodeIgniter\Session\Handlers\FileHandler' driver.
DEBUG - 2026-07-08 20:11:43 --> Session: Class initialized using 'CodeIgniter\Session\Handlers\FileHandler' driver.
DEBUG - 2026-07-08 20:11:47 --> Session: Class initialized using 'CodeIgniter\Session\Handlers\FileHandler' driver.
ERROR - 2026-07-08 20:11:47 --> mysqli_sql_exception: Table 'mini_cookpad.coin_packages' doesn't exist in C:\XAMPP\htdocs\New folder\cookpad-v2\vendor\codeigniter4\framework\system\Database\MySQLi\Connection.php:312
Stack trace:
#0 C:\XAMPP\htdocs\New folder\cookpad-v2\vendor\codeigniter4\framework\system\Database\MySQLi\Connection.php(312): mysqli->query('SELECT *\nFROM `...', 0)
#1 C:\XAMPP\htdocs\New folder\cookpad-v2\vendor\codeigniter4\framework\system\Database\BaseConnection.php(734): CodeIgniter\Database\MySQLi\Connection->execute('SELECT *\nFROM `...')
#2 C:\XAMPP\htdocs\New folder\cookpad-v2\vendor\codeigniter4\framework\system\Database\BaseConnection.php(648): CodeIgniter\Database\BaseConnection->simpleQuery('SELECT *\nFROM `...')
#3 C:\XAMPP\htdocs\New folder\cookpad-v2\vendor\codeigniter4\framework\system\Database\BaseBuilder.php(1644): CodeIgniter\Database\BaseConnection->query('SELECT *\nFROM `...', Array, false)
#4 C:\XAMPP\htdocs\New folder\cookpad-v2\vendor\codeigniter4\framework\system\Model.php(286): CodeIgniter\Database\BaseBuilder->get()
#5 C:\XAMPP\htdocs\New folder\cookpad-v2\vendor\codeigniter4\framework\system\BaseModel.php(675): CodeIgniter\Model->doFindAll(0, 0)
#6 C:\XAMPP\htdocs\New folder\cookpad-v2\app\Models\CoinPackageModel.php(15): CodeIgniter\BaseModel->findAll()
#7 C:\XAMPP\htdocs\New folder\cookpad-v2\app\Controllers\Coin.php(26): App\Models\CoinPackageModel->getActive()
#8 C:\XAMPP\htdocs\New folder\cookpad-v2\vendor\codeigniter4\framework\system\CodeIgniter.php(933): App\Controllers\Coin->store()
#9 C:\XAMPP\htdocs\New folder\cookpad-v2\vendor\codeigniter4\framework\system\CodeIgniter.php(509): CodeIgniter\CodeIgniter->runController(Object(App\Controllers\Coin))
#10 C:\XAMPP\htdocs\New folder\cookpad-v2\vendor\codeigniter4\framework\system\CodeIgniter.php(355): CodeIgniter\CodeIgniter->handleRequest(NULL, Object(Config\Cache), false)
#11 C:\XAMPP\htdocs\New folder\cookpad-v2\vendor\codeigniter4\framework\system\Boot.php(334): CodeIgniter\CodeIgniter->run()
#12 C:\XAMPP\htdocs\New folder\cookpad-v2\vendor\codeigniter4\framework\system\Boot.php(67): CodeIgniter\Boot::runCodeIgniter(Object(CodeIgniter\CodeIgniter))
#13 C:\XAMPP\htdocs\New folder\cookpad-v2\public\index.php(56): CodeIgniter\Boot::bootWeb(Object(Config\Paths))
#14 C:\XAMPP\htdocs\New folder\cookpad-v2\vendor\codeigniter4\framework\system\rewrite.php(44): require_once('C:\\XAMPP\\htdocs...')
#15 {main}
CRITICAL - 2026-07-08 20:11:47 --> CodeIgniter\Database\Exceptions\DatabaseException: Table 'mini_cookpad.coin_packages' doesn't exist
[Method: GET, Route: coin/store]
in SYSTEMPATH\Database\BaseConnection.php on line 688.
 1 SYSTEMPATH\Database\BaseBuilder.php(1644): CodeIgniter\Database\BaseConnection->query('SELECT *
FROM `coin_packages`
WHERE `is_active` = :is_active:
ORDER BY `price_idr` ASC', [...], false)
 2 SYSTEMPATH\Model.php(286): CodeIgniter\Database\BaseBuilder->get()
 3 SYSTEMPATH\BaseModel.php(675): CodeIgniter\Model->doFindAll(0, 0)
 4 APPPATH\Models\CoinPackageModel.php(15): CodeIgniter\BaseModel->findAll()
 5 APPPATH\Controllers\Coin.php(26): App\Models\CoinPackageModel->getActive()
 6 SYSTEMPATH\CodeIgniter.php(933): App\Controllers\Coin->store()
 7 SYSTEMPATH\CodeIgniter.php(509): CodeIgniter\CodeIgniter->runController(Object(App\Controllers\Coin))
 8 SYSTEMPATH\CodeIgniter.php(355): CodeIgniter\CodeIgniter->handleRequest(null, Object(Config\Cache), false)
 9 SYSTEMPATH\Boot.php(334): CodeIgniter\CodeIgniter->run()
10 SYSTEMPATH\Boot.php(67): CodeIgniter\Boot::runCodeIgniter(Object(CodeIgniter\CodeIgniter))
11 FCPATH\index.php(56): CodeIgniter\Boot::bootWeb(Object(Config\Paths))
12 SYSTEMPATH\rewrite.php(44): require_once('C:\\XAMPP\\htdocs\\New folder\\cookpad-v2\\public\\index.php')
CRITICAL - 2026-07-08 20:11:47 --> [Caused by] CodeIgniter\Database\Exceptions\DatabaseException: Table 'mini_cookpad.coin_packages' doesn't exist
in SYSTEMPATH\Database\MySQLi\Connection.php on line 317.
 1 SYSTEMPATH\Database\BaseConnection.php(734): CodeIgniter\Database\MySQLi\Connection->execute('SELECT *
FROM `coin_packages`
WHERE `is_active` = 1
ORDER BY `price_idr` ASC')
 2 SYSTEMPATH\Database\BaseConnection.php(648): CodeIgniter\Database\BaseConnection->simpleQuery('SELECT *
FROM `coin_packages`
WHERE `is_active` = 1
ORDER BY `price_idr` ASC')
 3 SYSTEMPATH\Database\BaseBuilder.php(1644): CodeIgniter\Database\BaseConnection->query('SELECT *
FROM `coin_packages`
WHERE `is_active` = :is_active:
ORDER BY `price_idr` ASC', [...], false)
 4 SYSTEMPATH\Model.php(286): CodeIgniter\Database\BaseBuilder->get()
 5 SYSTEMPATH\BaseModel.php(675): CodeIgniter\Model->doFindAll(0, 0)
 6 APPPATH\Models\CoinPackageModel.php(15): CodeIgniter\BaseModel->findAll()
 7 APPPATH\Controllers\Coin.php(26): App\Models\CoinPackageModel->getActive()
 8 SYSTEMPATH\CodeIgniter.php(933): App\Controllers\Coin->store()
 9 SYSTEMPATH\CodeIgniter.php(509): CodeIgniter\CodeIgniter->runController(Object(App\Controllers\Coin))
10 SYSTEMPATH\CodeIgniter.php(355): CodeIgniter\CodeIgniter->handleRequest(null, Object(Config\Cache), false)
11 SYSTEMPATH\Boot.php(334): CodeIgniter\CodeIgniter->run()
12 SYSTEMPATH\Boot.php(67): CodeIgniter\Boot::runCodeIgniter(Object(CodeIgniter\CodeIgniter))
13 FCPATH\index.php(56): CodeIgniter\Boot::bootWeb(Object(Config\Paths))
14 SYSTEMPATH\rewrite.php(44): require_once('C:\\XAMPP\\htdocs\\New folder\\cookpad-v2\\public\\index.php')
CRITICAL - 2026-07-08 20:11:47 --> [Caused by] mysqli_sql_exception: Table 'mini_cookpad.coin_packages' doesn't exist
in SYSTEMPATH\Database\MySQLi\Connection.php on line 312.
 1 SYSTEMPATH\Database\MySQLi\Connection.php(312): mysqli->query('SELECT *
FROM `coin_packages`
WHERE `is_active` = 1
ORDER BY `price_idr` ASC', 0)
 2 SYSTEMPATH\Database\BaseConnection.php(734): CodeIgniter\Database\MySQLi\Connection->execute('SELECT *
FROM `coin_packages`
WHERE `is_active` = 1
ORDER BY `price_idr` ASC')
 3 SYSTEMPATH\Database\BaseConnection.php(648): CodeIgniter\Database\BaseConnection->simpleQuery('SELECT *
FROM `coin_packages`
WHERE `is_active` = 1
ORDER BY `price_idr` ASC')
 4 SYSTEMPATH\Database\BaseBuilder.php(1644): CodeIgniter\Database\BaseConnection->query('SELECT *
FROM `coin_packages`
WHERE `is_active` = :is_active:
ORDER BY `price_idr` ASC', [...], false)
 5 SYSTEMPATH\Model.php(286): CodeIgniter\Database\BaseBuilder->get()
 6 SYSTEMPATH\BaseModel.php(675): CodeIgniter\Model->doFindAll(0, 0)
 7 APPPATH\Models\CoinPackageModel.php(15): CodeIgniter\BaseModel->findAll()
 8 APPPATH\Controllers\Coin.php(26): App\Models\CoinPackageModel->getActive()
 9 SYSTEMPATH\CodeIgniter.php(933): App\Controllers\Coin->store()
10 SYSTEMPATH\CodeIgniter.php(509): CodeIgniter\CodeIgniter->runController(Object(App\Controllers\Coin))
11 SYSTEMPATH\CodeIgniter.php(355): CodeIgniter\CodeIgniter->handleRequest(null, Object(Config\Cache), false)
12 SYSTEMPATH\Boot.php(334): CodeIgniter\CodeIgniter->run()
13 SYSTEMPATH\Boot.php(67): CodeIgniter\Boot::runCodeIgniter(Object(CodeIgniter\CodeIgniter))
14 FCPATH\index.php(56): CodeIgniter\Boot::bootWeb(Object(Config\Paths))
15 SYSTEMPATH\rewrite.php(44): require_once('C:\\XAMPP\\htdocs\\New folder\\cookpad-v2\\public\\index.php')
ERROR - 2026-07-08 20:24:18 --> mysqli_sql_exception: Table 'mini_cookpad.subscriptions' doesn't exist in C:\XAMPP\htdocs\New folder\cookpad-v2\vendor\codeigniter4\framework\system\Database\MySQLi\Connection.php:312
Stack trace:
#0 C:\XAMPP\htdocs\New folder\cookpad-v2\vendor\codeigniter4\framework\system\Database\MySQLi\Connection.php(312): mysqli->query('INSERT INTO `su...', 0)
#1 C:\XAMPP\htdocs\New folder\cookpad-v2\vendor\codeigniter4\framework\system\Database\BaseConnection.php(734): CodeIgniter\Database\MySQLi\Connection->execute('INSERT INTO `su...')
#2 C:\XAMPP\htdocs\New folder\cookpad-v2\vendor\codeigniter4\framework\system\Database\BaseConnection.php(648): CodeIgniter\Database\BaseConnection->simpleQuery('INSERT INTO `su...')
#3 C:\XAMPP\htdocs\New folder\cookpad-v2\vendor\codeigniter4\framework\system\Database\BaseBuilder.php(1836): CodeIgniter\Database\BaseConnection->query('INSERT INTO `su...', NULL, false)
#4 C:\XAMPP\htdocs\New folder\cookpad-v2\vendor\codeigniter4\framework\system\Database\BaseBuilder.php(2225): CodeIgniter\Database\BaseBuilder->batchExecute('_insertBatch', 100)
#5 C:\XAMPP\htdocs\New folder\cookpad-v2\app\Database\Seeds\RecipeSeeder.php(456): CodeIgniter\Database\BaseBuilder->insertBatch(Array)
#6 C:\XAMPP\htdocs\New folder\cookpad-v2\vendor\codeigniter4\framework\system\Database\Seeder.php(147): App\Database\Seeds\RecipeSeeder->run()
#7 C:\XAMPP\htdocs\New folder\cookpad-v2\app\Database\Seeds\InitialSeeder.php(10): CodeIgniter\Database\Seeder->call('App\\Database\\Se...')
#8 C:\XAMPP\htdocs\New folder\cookpad-v2\vendor\codeigniter4\framework\system\Database\Seeder.php(147): App\Database\Seeds\InitialSeeder->run()
#9 C:\XAMPP\htdocs\New folder\cookpad-v2\vendor\codeigniter4\framework\system\Commands\Database\Seed.php(79): CodeIgniter\Database\Seeder->call('App\\Database\\Se...')
#10 C:\XAMPP\htdocs\New folder\cookpad-v2\vendor\codeigniter4\framework\system\CLI\Commands.php(70): CodeIgniter\Commands\Database\Seed->run(Array)
#11 C:\XAMPP\htdocs\New folder\cookpad-v2\vendor\codeigniter4\framework\system\CLI\Console.php(48): CodeIgniter\CLI\Commands->run('db:seed', Array)
#12 C:\XAMPP\htdocs\New folder\cookpad-v2\vendor\codeigniter4\framework\system\Boot.php(360): CodeIgniter\CLI\Console->run()
#13 C:\XAMPP\htdocs\New folder\cookpad-v2\vendor\codeigniter4\framework\system\Boot.php(104): CodeIgniter\Boot::runCommand(Object(CodeIgniter\CLI\Console))
#14 C:\XAMPP\htdocs\New folder\cookpad-v2\spark(84): CodeIgniter\Boot::bootSpark(Object(Config\Paths))
#15 {main}
ERROR - 2026-07-08 20:24:35 --> mysqli_sql_exception: Duplicate entry 'admin@cookpad.com' for key 'email' in C:\XAMPP\htdocs\New folder\cookpad-v2\vendor\codeigniter4\framework\system\Database\MySQLi\Connection.php:312
Stack trace:
#0 C:\XAMPP\htdocs\New folder\cookpad-v2\vendor\codeigniter4\framework\system\Database\MySQLi\Connection.php(312): mysqli->query('INSERT INTO `us...', 0)
#1 C:\XAMPP\htdocs\New folder\cookpad-v2\vendor\codeigniter4\framework\system\Database\BaseConnection.php(734): CodeIgniter\Database\MySQLi\Connection->execute('INSERT INTO `us...')
#2 C:\XAMPP\htdocs\New folder\cookpad-v2\vendor\codeigniter4\framework\system\Database\BaseConnection.php(648): CodeIgniter\Database\BaseConnection->simpleQuery('INSERT INTO `us...')
#3 C:\XAMPP\htdocs\New folder\cookpad-v2\vendor\codeigniter4\framework\system\Database\BaseBuilder.php(1836): CodeIgniter\Database\BaseConnection->query('INSERT INTO `us...', NULL, false)
#4 C:\XAMPP\htdocs\New folder\cookpad-v2\vendor\codeigniter4\framework\system\Database\BaseBuilder.php(2225): CodeIgniter\Database\BaseBuilder->batchExecute('_insertBatch', 100)
#5 C:\XAMPP\htdocs\New folder\cookpad-v2\app\Database\Seeds\AdminSeeder.php(17): CodeIgniter\Database\BaseBuilder->insertBatch(Array)
#6 C:\XAMPP\htdocs\New folder\cookpad-v2\vendor\codeigniter4\framework\system\Database\Seeder.php(147): App\Database\Seeds\AdminSeeder->run()
#7 C:\XAMPP\htdocs\New folder\cookpad-v2\app\Database\Seeds\InitialSeeder.php(8): CodeIgniter\Database\Seeder->call('App\\Database\\Se...')
#8 C:\XAMPP\htdocs\New folder\cookpad-v2\vendor\codeigniter4\framework\system\Database\Seeder.php(147): App\Database\Seeds\InitialSeeder->run()
#9 C:\XAMPP\htdocs\New folder\cookpad-v2\vendor\codeigniter4\framework\system\Commands\Database\Seed.php(79): CodeIgniter\Database\Seeder->call('App\\Database\\Se...')
#10 C:\XAMPP\htdocs\New folder\cookpad-v2\vendor\codeigniter4\framework\system\CLI\Commands.php(70): CodeIgniter\Commands\Database\Seed->run(Array)
#11 C:\XAMPP\htdocs\New folder\cookpad-v2\vendor\codeigniter4\framework\system\CLI\Console.php(48): CodeIgniter\CLI\Commands->run('db:seed', Array)
#12 C:\XAMPP\htdocs\New folder\cookpad-v2\vendor\codeigniter4\framework\system\Boot.php(360): CodeIgniter\CLI\Console->run()
#13 C:\XAMPP\htdocs\New folder\cookpad-v2\vendor\codeigniter4\framework\system\Boot.php(104): CodeIgniter\Boot::runCommand(Object(CodeIgniter\CLI\Console))
#14 C:\XAMPP\htdocs\New folder\cookpad-v2\spark(84): CodeIgniter\Boot::bootSpark(Object(Config\Paths))
#15 {main}
ERROR - 2026-07-08 20:24:39 --> mysqli_sql_exception: Duplicate entry 'admin@cookpad.com' for key 'email' in C:\XAMPP\htdocs\New folder\cookpad-v2\vendor\codeigniter4\framework\system\Database\MySQLi\Connection.php:312
Stack trace:
#0 C:\XAMPP\htdocs\New folder\cookpad-v2\vendor\codeigniter4\framework\system\Database\MySQLi\Connection.php(312): mysqli->query('INSERT INTO `us...', 0)
#1 C:\XAMPP\htdocs\New folder\cookpad-v2\vendor\codeigniter4\framework\system\Database\BaseConnection.php(734): CodeIgniter\Database\MySQLi\Connection->execute('INSERT INTO `us...')
#2 C:\XAMPP\htdocs\New folder\cookpad-v2\vendor\codeigniter4\framework\system\Database\BaseConnection.php(648): CodeIgniter\Database\BaseConnection->simpleQuery('INSERT INTO `us...')
#3 C:\XAMPP\htdocs\New folder\cookpad-v2\vendor\codeigniter4\framework\system\Database\BaseBuilder.php(1836): CodeIgniter\Database\BaseConnection->query('INSERT INTO `us...', NULL, false)
#4 C:\XAMPP\htdocs\New folder\cookpad-v2\vendor\codeigniter4\framework\system\Database\BaseBuilder.php(2225): CodeIgniter\Database\BaseBuilder->batchExecute('_insertBatch', 100)
#5 C:\XAMPP\htdocs\New folder\cookpad-v2\app\Database\Seeds\AdminSeeder.php(17): CodeIgniter\Database\BaseBuilder->insertBatch(Array)
#6 C:\XAMPP\htdocs\New folder\cookpad-v2\vendor\codeigniter4\framework\system\Database\Seeder.php(147): App\Database\Seeds\AdminSeeder->run()
#7 C:\XAMPP\htdocs\New folder\cookpad-v2\app\Database\Seeds\InitialSeeder.php(8): CodeIgniter\Database\Seeder->call('App\\Database\\Se...')
#8 C:\XAMPP\htdocs\New folder\cookpad-v2\vendor\codeigniter4\framework\system\Database\Seeder.php(147): App\Database\Seeds\InitialSeeder->run()
#9 C:\XAMPP\htdocs\New folder\cookpad-v2\vendor\codeigniter4\framework\system\Commands\Database\Seed.php(79): CodeIgniter\Database\Seeder->call('App\\Database\\Se...')
#10 C:\XAMPP\htdocs\New folder\cookpad-v2\vendor\codeigniter4\framework\system\CLI\Commands.php(70): CodeIgniter\Commands\Database\Seed->run(Array)
#11 C:\XAMPP\htdocs\New folder\cookpad-v2\vendor\codeigniter4\framework\system\CLI\Console.php(48): CodeIgniter\CLI\Commands->run('db:seed', Array)
#12 C:\XAMPP\htdocs\New folder\cookpad-v2\vendor\codeigniter4\framework\system\Boot.php(360): CodeIgniter\CLI\Console->run()
#13 C:\XAMPP\htdocs\New folder\cookpad-v2\vendor\codeigniter4\framework\system\Boot.php(104): CodeIgniter\Boot::runCommand(Object(CodeIgniter\CLI\Console))
#14 C:\XAMPP\htdocs\New folder\cookpad-v2\spark(84): CodeIgniter\Boot::bootSpark(Object(Config\Paths))
#15 {main}
DEBUG - 2026-07-08 20:24:44 --> Session: Class initialized using 'CodeIgniter\Session\Handlers\FileHandler' driver.
DEBUG - 2026-07-08 20:24:47 --> Session: Class initialized using 'CodeIgniter\Session\Handlers\FileHandler' driver.
INFO - 2026-07-08 20:25:00 --> CSRF token verified.
DEBUG - 2026-07-08 20:25:00 --> Session: Class initialized using 'CodeIgniter\Session\Handlers\FileHandler' driver.
DEBUG - 2026-07-08 20:25:00 --> Session: Class initialized using 'CodeIgniter\Session\Handlers\FileHandler' driver.
DEBUG - 2026-07-08 20:25:03 --> Session: Class initialized using 'CodeIgniter\Session\Handlers\FileHandler' driver.
CRITICAL - 2026-07-08 20:25:03 --> ParseError: syntax error, unexpected identifier "is_null"
[Method: GET, Route: coin/store]
in APPPATH\Views\coin\store.php on line 1.
 1 SYSTEMPATH\View\View.php(237): CodeIgniter\View\View->CodeIgniter\View\{closure}()
 2 SYSTEMPATH\Common.php(1171): CodeIgniter\View\View->render('coin/store', [], true)
 3 APPPATH\Controllers\Coin.php(33): view('coin/store', [...])
 4 SYSTEMPATH\CodeIgniter.php(933): App\Controllers\Coin->store()
 5 SYSTEMPATH\CodeIgniter.php(509): CodeIgniter\CodeIgniter->runController(Object(App\Controllers\Coin))
 6 SYSTEMPATH\CodeIgniter.php(355): CodeIgniter\CodeIgniter->handleRequest(null, Object(Config\Cache), false)
 7 SYSTEMPATH\Boot.php(334): CodeIgniter\CodeIgniter->run()
 8 SYSTEMPATH\Boot.php(67): CodeIgniter\Boot::runCodeIgniter(Object(CodeIgniter\CodeIgniter))
 9 FCPATH\index.php(56): CodeIgniter\Boot::bootWeb(Object(Config\Paths))
10 SYSTEMPATH\rewrite.php(44): require_once('C:\\XAMPP\\htdocs\\New folder\\cookpad-v2\\public\\index.php')
DEBUG - 2026-07-08 20:38:22 --> Session: Class initialized using 'CodeIgniter\Session\Handlers\FileHandler' driver.
CRITICAL - 2026-07-08 20:38:22 --> ParseError: syntax error, unexpected identifier "is_null"
[Method: GET, Route: coin/store]
in APPPATH\Views\coin\store.php on line 1.
 1 SYSTEMPATH\View\View.php(237): CodeIgniter\View\View->CodeIgniter\View\{closure}()
 2 SYSTEMPATH\Common.php(1171): CodeIgniter\View\View->render('coin/store', [], true)
 3 APPPATH\Controllers\Coin.php(33): view('coin/store', [...])
 4 SYSTEMPATH\CodeIgniter.php(933): App\Controllers\Coin->store()
 5 SYSTEMPATH\CodeIgniter.php(509): CodeIgniter\CodeIgniter->runController(Object(App\Controllers\Coin))
 6 SYSTEMPATH\CodeIgniter.php(355): CodeIgniter\CodeIgniter->handleRequest(null, Object(Config\Cache), false)
 7 SYSTEMPATH\Boot.php(334): CodeIgniter\CodeIgniter->run()
 8 SYSTEMPATH\Boot.php(67): CodeIgniter\Boot::runCodeIgniter(Object(CodeIgniter\CodeIgniter))
 9 FCPATH\index.php(56): CodeIgniter\Boot::bootWeb(Object(Config\Paths))
10 SYSTEMPATH\rewrite.php(44): require_once('C:\\XAMPP\\htdocs\\New folder\\cookpad-v2\\public\\index.php')
DEBUG - 2026-07-08 20:38:25 --> Session: Class initialized using 'CodeIgniter\Session\Handlers\FileHandler' driver.
DEBUG - 2026-07-08 20:38:28 --> Session: Class initialized using 'CodeIgniter\Session\Handlers\FileHandler' driver.
CRITICAL - 2026-07-08 20:38:28 --> ParseError: syntax error, unexpected identifier "is_null"
[Method: GET, Route: coin/store]
in APPPATH\Views\coin\store.php on line 1.
 1 SYSTEMPATH\View\View.php(237): CodeIgniter\View\View->CodeIgniter\View\{closure}()
 2 SYSTEMPATH\Common.php(1171): CodeIgniter\View\View->render('coin/store', [], true)
 3 APPPATH\Controllers\Coin.php(33): view('coin/store', [...])
 4 SYSTEMPATH\CodeIgniter.php(933): App\Controllers\Coin->store()
 5 SYSTEMPATH\CodeIgniter.php(509): CodeIgniter\CodeIgniter->runController(Object(App\Controllers\Coin))
 6 SYSTEMPATH\CodeIgniter.php(355): CodeIgniter\CodeIgniter->handleRequest(null, Object(Config\Cache), false)
 7 SYSTEMPATH\Boot.php(334): CodeIgniter\CodeIgniter->run()
 8 SYSTEMPATH\Boot.php(67): CodeIgniter\Boot::runCodeIgniter(Object(CodeIgniter\CodeIgniter))
 9 FCPATH\index.php(56): CodeIgniter\Boot::bootWeb(Object(Config\Paths))
10 SYSTEMPATH\rewrite.php(44): require_once('C:\\XAMPP\\htdocs\\New folder\\cookpad-v2\\public\\index.php')
ERROR - 2026-07-08 20:38:46 --> mysqli_sql_exception: Duplicate entry 'admin@cookpad.com' for key 'email' in C:\XAMPP\htdocs\New folder\cookpad-v2\vendor\codeigniter4\framework\system\Database\MySQLi\Connection.php:312
Stack trace:
#0 C:\XAMPP\htdocs\New folder\cookpad-v2\vendor\codeigniter4\framework\system\Database\MySQLi\Connection.php(312): mysqli->query('INSERT INTO `us...', 0)
#1 C:\XAMPP\htdocs\New folder\cookpad-v2\vendor\codeigniter4\framework\system\Database\BaseConnection.php(734): CodeIgniter\Database\MySQLi\Connection->execute('INSERT INTO `us...')
#2 C:\XAMPP\htdocs\New folder\cookpad-v2\vendor\codeigniter4\framework\system\Database\BaseConnection.php(648): CodeIgniter\Database\BaseConnection->simpleQuery('INSERT INTO `us...')
#3 C:\XAMPP\htdocs\New folder\cookpad-v2\vendor\codeigniter4\framework\system\Database\BaseBuilder.php(1836): CodeIgniter\Database\BaseConnection->query('INSERT INTO `us...', NULL, false)
#4 C:\XAMPP\htdocs\New folder\cookpad-v2\vendor\codeigniter4\framework\system\Database\BaseBuilder.php(2225): CodeIgniter\Database\BaseBuilder->batchExecute('_insertBatch', 100)
#5 C:\XAMPP\htdocs\New folder\cookpad-v2\app\Database\Seeds\AdminSeeder.php(17): CodeIgniter\Database\BaseBuilder->insertBatch(Array)
#6 C:\XAMPP\htdocs\New folder\cookpad-v2\vendor\codeigniter4\framework\system\Database\Seeder.php(147): App\Database\Seeds\AdminSeeder->run()
#7 C:\XAMPP\htdocs\New folder\cookpad-v2\app\Database\Seeds\InitialSeeder.php(8): CodeIgniter\Database\Seeder->call('App\\Database\\Se...')
#8 C:\XAMPP\htdocs\New folder\cookpad-v2\vendor\codeigniter4\framework\system\Database\Seeder.php(147): App\Database\Seeds\InitialSeeder->run()
#9 C:\XAMPP\htdocs\New folder\cookpad-v2\vendor\codeigniter4\framework\system\Commands\Database\Seed.php(79): CodeIgniter\Database\Seeder->call('App\\Database\\Se...')
#10 C:\XAMPP\htdocs\New folder\cookpad-v2\vendor\codeigniter4\framework\system\CLI\Commands.php(70): CodeIgniter\Commands\Database\Seed->run(Array)
#11 C:\XAMPP\htdocs\New folder\cookpad-v2\vendor\codeigniter4\framework\system\CLI\Console.php(48): CodeIgniter\CLI\Commands->run('db:seed', Array)
#12 C:\XAMPP\htdocs\New folder\cookpad-v2\vendor\codeigniter4\framework\system\Boot.php(360): CodeIgniter\CLI\Console->run()
#13 C:\XAMPP\htdocs\New folder\cookpad-v2\vendor\codeigniter4\framework\system\Boot.php(104): CodeIgniter\Boot::runCommand(Object(CodeIgniter\CLI\Console))
#14 C:\XAMPP\htdocs\New folder\cookpad-v2\spark(84): CodeIgniter\Boot::bootSpark(Object(Config\Paths))
#15 {main}
DEBUG - 2026-07-08 20:38:50 --> Session: Class initialized using 'CodeIgniter\Session\Handlers\FileHandler' driver.
DEBUG - 2026-07-08 20:38:52 --> Session: Class initialized using 'CodeIgniter\Session\Handlers\FileHandler' driver.
CRITICAL - 2026-07-08 20:38:52 --> ParseError: syntax error, unexpected identifier "is_null"
[Method: GET, Route: coin/store]
in APPPATH\Views\coin\store.php on line 1.
 1 SYSTEMPATH\View\View.php(237): CodeIgniter\View\View->CodeIgniter\View\{closure}()
 2 SYSTEMPATH\Common.php(1171): CodeIgniter\View\View->render('coin/store', [], true)
 3 APPPATH\Controllers\Coin.php(33): view('coin/store', [...])
 4 SYSTEMPATH\CodeIgniter.php(933): App\Controllers\Coin->store()
 5 SYSTEMPATH\CodeIgniter.php(509): CodeIgniter\CodeIgniter->runController(Object(App\Controllers\Coin))
 6 SYSTEMPATH\CodeIgniter.php(355): CodeIgniter\CodeIgniter->handleRequest(null, Object(Config\Cache), false)
 7 SYSTEMPATH\Boot.php(334): CodeIgniter\CodeIgniter->run()
 8 SYSTEMPATH\Boot.php(67): CodeIgniter\Boot::runCodeIgniter(Object(CodeIgniter\CodeIgniter))
 9 FCPATH\index.php(56): CodeIgniter\Boot::bootWeb(Object(Config\Paths))
10 SYSTEMPATH\rewrite.php(44): require_once('C:\\XAMPP\\htdocs\\New folder\\cookpad-v2\\public\\index.php')
ERROR - 2026-07-08 20:39:06 --> mysqli_sql_exception: Duplicate entry 'admin@cookpad.com' for key 'email' in C:\XAMPP\htdocs\New folder\cookpad-v2\vendor\codeigniter4\framework\system\Database\MySQLi\Connection.php:312
Stack trace:
#0 C:\XAMPP\htdocs\New folder\cookpad-v2\vendor\codeigniter4\framework\system\Database\MySQLi\Connection.php(312): mysqli->query('INSERT INTO `us...', 0)
#1 C:\XAMPP\htdocs\New folder\cookpad-v2\vendor\codeigniter4\framework\system\Database\BaseConnection.php(734): CodeIgniter\Database\MySQLi\Connection->execute('INSERT INTO `us...')
#2 C:\XAMPP\htdocs\New folder\cookpad-v2\vendor\codeigniter4\framework\system\Database\BaseConnection.php(648): CodeIgniter\Database\BaseConnection->simpleQuery('INSERT INTO `us...')
#3 C:\XAMPP\htdocs\New folder\cookpad-v2\vendor\codeigniter4\framework\system\Database\BaseBuilder.php(1836): CodeIgniter\Database\BaseConnection->query('INSERT INTO `us...', NULL, false)
#4 C:\XAMPP\htdocs\New folder\cookpad-v2\vendor\codeigniter4\framework\system\Database\BaseBuilder.php(2225): CodeIgniter\Database\BaseBuilder->batchExecute('_insertBatch', 100)
#5 C:\XAMPP\htdocs\New folder\cookpad-v2\app\Database\Seeds\AdminSeeder.php(17): CodeIgniter\Database\BaseBuilder->insertBatch(Array)
#6 C:\XAMPP\htdocs\New folder\cookpad-v2\vendor\codeigniter4\framework\system\Database\Seeder.php(147): App\Database\Seeds\AdminSeeder->run()
#7 C:\XAMPP\htdocs\New folder\cookpad-v2\app\Database\Seeds\InitialSeeder.php(8): CodeIgniter\Database\Seeder->call('App\\Database\\Se...')
#8 C:\XAMPP\htdocs\New folder\cookpad-v2\vendor\codeigniter4\framework\system\Database\Seeder.php(147): App\Database\Seeds\InitialSeeder->run()
#9 C:\XAMPP\htdocs\New folder\cookpad-v2\vendor\codeigniter4\framework\system\Commands\Database\Seed.php(79): CodeIgniter\Database\Seeder->call('App\\Database\\Se...')
#10 C:\XAMPP\htdocs\New folder\cookpad-v2\vendor\codeigniter4\framework\system\CLI\Commands.php(70): CodeIgniter\Commands\Database\Seed->run(Array)
#11 C:\XAMPP\htdocs\New folder\cookpad-v2\vendor\codeigniter4\framework\system\CLI\Console.php(48): CodeIgniter\CLI\Commands->run('db:seed', Array)
#12 C:\XAMPP\htdocs\New folder\cookpad-v2\vendor\codeigniter4\framework\system\Boot.php(360): CodeIgniter\CLI\Console->run()
#13 C:\XAMPP\htdocs\New folder\cookpad-v2\vendor\codeigniter4\framework\system\Boot.php(104): CodeIgniter\Boot::runCommand(Object(CodeIgniter\CLI\Console))
#14 C:\XAMPP\htdocs\New folder\cookpad-v2\spark(84): CodeIgniter\Boot::bootSpark(Object(Config\Paths))
#15 {main}
ERROR - 2026-07-08 20:39:10 --> mysqli_sql_exception: Duplicate entry 'admin@cookpad.com' for key 'email' in C:\XAMPP\htdocs\New folder\cookpad-v2\vendor\codeigniter4\framework\system\Database\MySQLi\Connection.php:312
Stack trace:
#0 C:\XAMPP\htdocs\New folder\cookpad-v2\vendor\codeigniter4\framework\system\Database\MySQLi\Connection.php(312): mysqli->query('INSERT INTO `us...', 0)
#1 C:\XAMPP\htdocs\New folder\cookpad-v2\vendor\codeigniter4\framework\system\Database\BaseConnection.php(734): CodeIgniter\Database\MySQLi\Connection->execute('INSERT INTO `us...')
#2 C:\XAMPP\htdocs\New folder\cookpad-v2\vendor\codeigniter4\framework\system\Database\BaseConnection.php(648): CodeIgniter\Database\BaseConnection->simpleQuery('INSERT INTO `us...')
#3 C:\XAMPP\htdocs\New folder\cookpad-v2\vendor\codeigniter4\framework\system\Database\BaseBuilder.php(1836): CodeIgniter\Database\BaseConnection->query('INSERT INTO `us...', NULL, false)
#4 C:\XAMPP\htdocs\New folder\cookpad-v2\vendor\codeigniter4\framework\system\Database\BaseBuilder.php(2225): CodeIgniter\Database\BaseBuilder->batchExecute('_insertBatch', 100)
#5 C:\XAMPP\htdocs\New folder\cookpad-v2\app\Database\Seeds\AdminSeeder.php(17): CodeIgniter\Database\BaseBuilder->insertBatch(Array)
#6 C:\XAMPP\htdocs\New folder\cookpad-v2\vendor\codeigniter4\framework\system\Database\Seeder.php(147): App\Database\Seeds\AdminSeeder->run()
#7 C:\XAMPP\htdocs\New folder\cookpad-v2\app\Database\Seeds\InitialSeeder.php(8): CodeIgniter\Database\Seeder->call('App\\Database\\Se...')
#8 C:\XAMPP\htdocs\New folder\cookpad-v2\vendor\codeigniter4\framework\system\Database\Seeder.php(147): App\Database\Seeds\InitialSeeder->run()
#9 C:\XAMPP\htdocs\New folder\cookpad-v2\vendor\codeigniter4\framework\system\Commands\Database\Seed.php(79): CodeIgniter\Database\Seeder->call('App\\Database\\Se...')
#10 C:\XAMPP\htdocs\New folder\cookpad-v2\vendor\codeigniter4\framework\system\CLI\Commands.php(70): CodeIgniter\Commands\Database\Seed->run(Array)
#11 C:\XAMPP\htdocs\New folder\cookpad-v2\vendor\codeigniter4\framework\system\CLI\Console.php(48): CodeIgniter\CLI\Commands->run('db:seed', Array)
#12 C:\XAMPP\htdocs\New folder\cookpad-v2\vendor\codeigniter4\framework\system\Boot.php(360): CodeIgniter\CLI\Console->run()
#13 C:\XAMPP\htdocs\New folder\cookpad-v2\vendor\codeigniter4\framework\system\Boot.php(104): CodeIgniter\Boot::runCommand(Object(CodeIgniter\CLI\Console))
#14 C:\XAMPP\htdocs\New folder\cookpad-v2\spark(84): CodeIgniter\Boot::bootSpark(Object(Config\Paths))
#15 {main}
ERROR - 2026-07-08 20:39:13 --> mysqli_sql_exception: Duplicate entry 'admin@cookpad.com' for key 'email' in C:\XAMPP\htdocs\New folder\cookpad-v2\vendor\codeigniter4\framework\system\Database\MySQLi\Connection.php:312
Stack trace:
#0 C:\XAMPP\htdocs\New folder\cookpad-v2\vendor\codeigniter4\framework\system\Database\MySQLi\Connection.php(312): mysqli->query('INSERT INTO `us...', 0)
#1 C:\XAMPP\htdocs\New folder\cookpad-v2\vendor\codeigniter4\framework\system\Database\BaseConnection.php(734): CodeIgniter\Database\MySQLi\Connection->execute('INSERT INTO `us...')
#2 C:\XAMPP\htdocs\New folder\cookpad-v2\vendor\codeigniter4\framework\system\Database\BaseConnection.php(648): CodeIgniter\Database\BaseConnection->simpleQuery('INSERT INTO `us...')
#3 C:\XAMPP\htdocs\New folder\cookpad-v2\vendor\codeigniter4\framework\system\Database\BaseBuilder.php(1836): CodeIgniter\Database\BaseConnection->query('INSERT INTO `us...', NULL, false)
#4 C:\XAMPP\htdocs\New folder\cookpad-v2\vendor\codeigniter4\framework\system\Database\BaseBuilder.php(2225): CodeIgniter\Database\BaseBuilder->batchExecute('_insertBatch', 100)
#5 C:\XAMPP\htdocs\New folder\cookpad-v2\app\Database\Seeds\AdminSeeder.php(17): CodeIgniter\Database\BaseBuilder->insertBatch(Array)
#6 C:\XAMPP\htdocs\New folder\cookpad-v2\vendor\codeigniter4\framework\system\Database\Seeder.php(147): App\Database\Seeds\AdminSeeder->run()
#7 C:\XAMPP\htdocs\New folder\cookpad-v2\app\Database\Seeds\InitialSeeder.php(8): CodeIgniter\Database\Seeder->call('App\\Database\\Se...')
#8 C:\XAMPP\htdocs\New folder\cookpad-v2\vendor\codeigniter4\framework\system\Database\Seeder.php(147): App\Database\Seeds\InitialSeeder->run()
#9 C:\XAMPP\htdocs\New folder\cookpad-v2\vendor\codeigniter4\framework\system\Commands\Database\Seed.php(79): CodeIgniter\Database\Seeder->call('App\\Database\\Se...')
#10 C:\XAMPP\htdocs\New folder\cookpad-v2\vendor\codeigniter4\framework\system\CLI\Commands.php(70): CodeIgniter\Commands\Database\Seed->run(Array)
#11 C:\XAMPP\htdocs\New folder\cookpad-v2\vendor\codeigniter4\framework\system\CLI\Console.php(48): CodeIgniter\CLI\Commands->run('db:seed', Array)
#12 C:\XAMPP\htdocs\New folder\cookpad-v2\vendor\codeigniter4\framework\system\Boot.php(360): CodeIgniter\CLI\Console->run()
#13 C:\XAMPP\htdocs\New folder\cookpad-v2\vendor\codeigniter4\framework\system\Boot.php(104): CodeIgniter\Boot::runCommand(Object(CodeIgniter\CLI\Console))
#14 C:\XAMPP\htdocs\New folder\cookpad-v2\spark(84): CodeIgniter\Boot::bootSpark(Object(Config\Paths))
#15 {main}
DEBUG - 2026-07-08 20:39:16 --> Session: Class initialized using 'CodeIgniter\Session\Handlers\FileHandler' driver.
DEBUG - 2026-07-08 20:39:18 --> Session: Class initialized using 'CodeIgniter\Session\Handlers\FileHandler' driver.
CRITICAL - 2026-07-08 20:39:18 --> ParseError: syntax error, unexpected identifier "is_null"
[Method: GET, Route: coin/store]
in APPPATH\Views\coin\store.php on line 1.
 1 SYSTEMPATH\View\View.php(237): CodeIgniter\View\View->CodeIgniter\View\{closure}()
 2 SYSTEMPATH\Common.php(1171): CodeIgniter\View\View->render('coin/store', [], true)
 3 APPPATH\Controllers\Coin.php(33): view('coin/store', [...])
 4 SYSTEMPATH\CodeIgniter.php(933): App\Controllers\Coin->store()
 5 SYSTEMPATH\CodeIgniter.php(509): CodeIgniter\CodeIgniter->runController(Object(App\Controllers\Coin))
 6 SYSTEMPATH\CodeIgniter.php(355): CodeIgniter\CodeIgniter->handleRequest(null, Object(Config\Cache), false)
 7 SYSTEMPATH\Boot.php(334): CodeIgniter\CodeIgniter->run()
 8 SYSTEMPATH\Boot.php(67): CodeIgniter\Boot::runCodeIgniter(Object(CodeIgniter\CodeIgniter))
 9 FCPATH\index.php(56): CodeIgniter\Boot::bootWeb(Object(Config\Paths))
10 SYSTEMPATH\rewrite.php(44): require_once('C:\\XAMPP\\htdocs\\New folder\\cookpad-v2\\public\\index.php')
ERROR - 2026-07-08 20:39:54 --> mysqli_sql_exception: Duplicate entry 'admin@cookpad.com' for key 'email' in C:\XAMPP\htdocs\New folder\cookpad-v2\vendor\codeigniter4\framework\system\Database\MySQLi\Connection.php:312
Stack trace:
#0 C:\XAMPP\htdocs\New folder\cookpad-v2\vendor\codeigniter4\framework\system\Database\MySQLi\Connection.php(312): mysqli->query('INSERT INTO `us...', 0)
#1 C:\XAMPP\htdocs\New folder\cookpad-v2\vendor\codeigniter4\framework\system\Database\BaseConnection.php(734): CodeIgniter\Database\MySQLi\Connection->execute('INSERT INTO `us...')
#2 C:\XAMPP\htdocs\New folder\cookpad-v2\vendor\codeigniter4\framework\system\Database\BaseConnection.php(648): CodeIgniter\Database\BaseConnection->simpleQuery('INSERT INTO `us...')
#3 C:\XAMPP\htdocs\New folder\cookpad-v2\vendor\codeigniter4\framework\system\Database\BaseBuilder.php(1836): CodeIgniter\Database\BaseConnection->query('INSERT INTO `us...', NULL, false)
#4 C:\XAMPP\htdocs\New folder\cookpad-v2\vendor\codeigniter4\framework\system\Database\BaseBuilder.php(2225): CodeIgniter\Database\BaseBuilder->batchExecute('_insertBatch', 100)
#5 C:\XAMPP\htdocs\New folder\cookpad-v2\app\Database\Seeds\AdminSeeder.php(17): CodeIgniter\Database\BaseBuilder->insertBatch(Array)
#6 C:\XAMPP\htdocs\New folder\cookpad-v2\vendor\codeigniter4\framework\system\Database\Seeder.php(147): App\Database\Seeds\AdminSeeder->run()
#7 C:\XAMPP\htdocs\New folder\cookpad-v2\app\Database\Seeds\InitialSeeder.php(8): CodeIgniter\Database\Seeder->call('App\\Database\\Se...')
#8 C:\XAMPP\htdocs\New folder\cookpad-v2\vendor\codeigniter4\framework\system\Database\Seeder.php(147): App\Database\Seeds\InitialSeeder->run()
#9 C:\XAMPP\htdocs\New folder\cookpad-v2\vendor\codeigniter4\framework\system\Commands\Database\Seed.php(79): CodeIgniter\Database\Seeder->call('App\\Database\\Se...')
#10 C:\XAMPP\htdocs\New folder\cookpad-v2\vendor\codeigniter4\framework\system\CLI\Commands.php(70): CodeIgniter\Commands\Database\Seed->run(Array)
#11 C:\XAMPP\htdocs\New folder\cookpad-v2\vendor\codeigniter4\framework\system\CLI\Console.php(48): CodeIgniter\CLI\Commands->run('db:seed', Array)
#12 C:\XAMPP\htdocs\New folder\cookpad-v2\vendor\codeigniter4\framework\system\Boot.php(360): CodeIgniter\CLI\Console->run()
#13 C:\XAMPP\htdocs\New folder\cookpad-v2\vendor\codeigniter4\framework\system\Boot.php(104): CodeIgniter\Boot::runCommand(Object(CodeIgniter\CLI\Console))
#14 C:\XAMPP\htdocs\New folder\cookpad-v2\spark(84): CodeIgniter\Boot::bootSpark(Object(Config\Paths))
#15 {main}
ERROR - 2026-07-08 20:40:01 --> mysqli_sql_exception: Duplicate entry 'admin@cookpad.com' for key 'email' in C:\XAMPP\htdocs\New folder\cookpad-v2\vendor\codeigniter4\framework\system\Database\MySQLi\Connection.php:312
Stack trace:
#0 C:\XAMPP\htdocs\New folder\cookpad-v2\vendor\codeigniter4\framework\system\Database\MySQLi\Connection.php(312): mysqli->query('INSERT INTO `us...', 0)
#1 C:\XAMPP\htdocs\New folder\cookpad-v2\vendor\codeigniter4\framework\system\Database\BaseConnection.php(734): CodeIgniter\Database\MySQLi\Connection->execute('INSERT INTO `us...')
#2 C:\XAMPP\htdocs\New folder\cookpad-v2\vendor\codeigniter4\framework\system\Database\BaseConnection.php(648): CodeIgniter\Database\BaseConnection->simpleQuery('INSERT INTO `us...')
#3 C:\XAMPP\htdocs\New folder\cookpad-v2\vendor\codeigniter4\framework\system\Database\BaseBuilder.php(1836): CodeIgniter\Database\BaseConnection->query('INSERT INTO `us...', NULL, false)
#4 C:\XAMPP\htdocs\New folder\cookpad-v2\vendor\codeigniter4\framework\system\Database\BaseBuilder.php(2225): CodeIgniter\Database\BaseBuilder->batchExecute('_insertBatch', 100)
#5 C:\XAMPP\htdocs\New folder\cookpad-v2\app\Database\Seeds\AdminSeeder.php(17): CodeIgniter\Database\BaseBuilder->insertBatch(Array)
#6 C:\XAMPP\htdocs\New folder\cookpad-v2\vendor\codeigniter4\framework\system\Database\Seeder.php(147): App\Database\Seeds\AdminSeeder->run()
#7 C:\XAMPP\htdocs\New folder\cookpad-v2\app\Database\Seeds\InitialSeeder.php(8): CodeIgniter\Database\Seeder->call('App\\Database\\Se...')
#8 C:\XAMPP\htdocs\New folder\cookpad-v2\vendor\codeigniter4\framework\system\Database\Seeder.php(147): App\Database\Seeds\InitialSeeder->run()
#9 C:\XAMPP\htdocs\New folder\cookpad-v2\vendor\codeigniter4\framework\system\Commands\Database\Seed.php(79): CodeIgniter\Database\Seeder->call('App\\Database\\Se...')
#10 C:\XAMPP\htdocs\New folder\cookpad-v2\vendor\codeigniter4\framework\system\CLI\Commands.php(70): CodeIgniter\Commands\Database\Seed->run(Array)
#11 C:\XAMPP\htdocs\New folder\cookpad-v2\vendor\codeigniter4\framework\system\CLI\Console.php(48): CodeIgniter\CLI\Commands->run('db:seed', Array)
#12 C:\XAMPP\htdocs\New folder\cookpad-v2\vendor\codeigniter4\framework\system\Boot.php(360): CodeIgniter\CLI\Console->run()
#13 C:\XAMPP\htdocs\New folder\cookpad-v2\vendor\codeigniter4\framework\system\Boot.php(104): CodeIgniter\Boot::runCommand(Object(CodeIgniter\CLI\Console))
#14 C:\XAMPP\htdocs\New folder\cookpad-v2\spark(84): CodeIgniter\Boot::bootSpark(Object(Config\Paths))
#15 {main}
DEBUG - 2026-07-08 20:40:05 --> Session: Class initialized using 'CodeIgniter\Session\Handlers\FileHandler' driver.
CRITICAL - 2026-07-08 20:40:05 --> ParseError: syntax error, unexpected identifier "is_null"
[Method: GET, Route: coin/store]
in APPPATH\Views\coin\store.php on line 1.
 1 SYSTEMPATH\View\View.php(237): CodeIgniter\View\View->CodeIgniter\View\{closure}()
 2 SYSTEMPATH\Common.php(1171): CodeIgniter\View\View->render('coin/store', [], true)
 3 APPPATH\Controllers\Coin.php(33): view('coin/store', [...])
 4 SYSTEMPATH\CodeIgniter.php(933): App\Controllers\Coin->store()
 5 SYSTEMPATH\CodeIgniter.php(509): CodeIgniter\CodeIgniter->runController(Object(App\Controllers\Coin))
 6 SYSTEMPATH\CodeIgniter.php(355): CodeIgniter\CodeIgniter->handleRequest(null, Object(Config\Cache), false)
 7 SYSTEMPATH\Boot.php(334): CodeIgniter\CodeIgniter->run()
 8 SYSTEMPATH\Boot.php(67): CodeIgniter\Boot::runCodeIgniter(Object(CodeIgniter\CodeIgniter))
 9 FCPATH\index.php(56): CodeIgniter\Boot::bootWeb(Object(Config\Paths))
10 SYSTEMPATH\rewrite.php(44): require_once('C:\\XAMPP\\htdocs\\New folder\\cookpad-v2\\public\\index.php')
DEBUG - 2026-07-08 20:40:07 --> Session: Class initialized using 'CodeIgniter\Session\Handlers\FileHandler' driver.
DEBUG - 2026-07-08 20:40:33 --> Session: Class initialized using 'CodeIgniter\Session\Handlers\FileHandler' driver.
CRITICAL - 2026-07-08 20:40:33 --> ParseError: syntax error, unexpected identifier "is_null"
[Method: GET, Route: coin/store]
in APPPATH\Views\coin\store.php on line 1.
 1 SYSTEMPATH\View\View.php(237): CodeIgniter\View\View->CodeIgniter\View\{closure}()
 2 SYSTEMPATH\Common.php(1171): CodeIgniter\View\View->render('coin/store', [], true)
 3 APPPATH\Controllers\Coin.php(33): view('coin/store', [...])
 4 SYSTEMPATH\CodeIgniter.php(933): App\Controllers\Coin->store()
 5 SYSTEMPATH\CodeIgniter.php(509): CodeIgniter\CodeIgniter->runController(Object(App\Controllers\Coin))
 6 SYSTEMPATH\CodeIgniter.php(355): CodeIgniter\CodeIgniter->handleRequest(null, Object(Config\Cache), false)
 7 SYSTEMPATH\Boot.php(334): CodeIgniter\CodeIgniter->run()
 8 SYSTEMPATH\Boot.php(67): CodeIgniter\Boot::runCodeIgniter(Object(CodeIgniter\CodeIgniter))
 9 FCPATH\index.php(56): CodeIgniter\Boot::bootWeb(Object(Config\Paths))
10 SYSTEMPATH\rewrite.php(44): require_once('C:\\XAMPP\\htdocs\\New folder\\cookpad-v2\\public\\index.php')
DEBUG - 2026-07-08 20:40:48 --> Session: Class initialized using 'CodeIgniter\Session\Handlers\FileHandler' driver.
DEBUG - 2026-07-08 20:41:10 --> Session: Class initialized using 'CodeIgniter\Session\Handlers\FileHandler' driver.
CRITICAL - 2026-07-08 20:41:10 --> ParseError: syntax error, unexpected identifier "is_null"
[Method: GET, Route: coin/store]
in APPPATH\Views\coin\store.php on line 1.
 1 SYSTEMPATH\View\View.php(237): CodeIgniter\View\View->CodeIgniter\View\{closure}()
 2 SYSTEMPATH\Common.php(1171): CodeIgniter\View\View->render('coin/store', [], true)
 3 APPPATH\Controllers\Coin.php(33): view('coin/store', [...])
 4 SYSTEMPATH\CodeIgniter.php(933): App\Controllers\Coin->store()
 5 SYSTEMPATH\CodeIgniter.php(509): CodeIgniter\CodeIgniter->runController(Object(App\Controllers\Coin))
 6 SYSTEMPATH\CodeIgniter.php(355): CodeIgniter\CodeIgniter->handleRequest(null, Object(Config\Cache), false)
 7 SYSTEMPATH\Boot.php(334): CodeIgniter\CodeIgniter->run()
 8 SYSTEMPATH\Boot.php(67): CodeIgniter\Boot::runCodeIgniter(Object(CodeIgniter\CodeIgniter))
 9 FCPATH\index.php(56): CodeIgniter\Boot::bootWeb(Object(Config\Paths))
10 SYSTEMPATH\rewrite.php(44): require_once('C:\\XAMPP\\htdocs\\New folder\\cookpad-v2\\public\\index.php')
DEBUG - 2026-07-08 20:45:19 --> Session: Class initialized using 'CodeIgniter\Session\Handlers\FileHandler' driver.
INFO - 2026-07-08 20:45:53 --> CSRF token verified.
DEBUG - 2026-07-08 20:45:53 --> Session: Class initialized using 'CodeIgniter\Session\Handlers\FileHandler' driver.
DEBUG - 2026-07-08 20:45:53 --> Session: Class initialized using 'CodeIgniter\Session\Handlers\FileHandler' driver.
INFO - 2026-07-08 20:45:55 --> CSRF token verified.
DEBUG - 2026-07-08 20:45:55 --> Session: Class initialized using 'CodeIgniter\Session\Handlers\FileHandler' driver.
DEBUG - 2026-07-08 20:45:55 --> Session: Class initialized using 'CodeIgniter\Session\Handlers\FileHandler' driver.
DEBUG - 2026-07-08 20:45:59 --> Session: Class initialized using 'CodeIgniter\Session\Handlers\FileHandler' driver.
DEBUG - 2026-07-08 20:46:41 --> Session: Class initialized using 'CodeIgniter\Session\Handlers\FileHandler' driver.
DEBUG - 2026-07-08 20:47:02 --> Session: Class initialized using 'CodeIgniter\Session\Handlers\FileHandler' driver.
DEBUG - 2026-07-08 20:47:02 --> Session: Class initialized using 'CodeIgniter\Session\Handlers\FileHandler' driver.
DEBUG - 2026-07-08 20:47:04 --> Session: Class initialized using 'CodeIgniter\Session\Handlers\FileHandler' driver.
DEBUG - 2026-07-08 20:53:50 --> Session: Class initialized using 'CodeIgniter\Session\Handlers\FileHandler' driver.
DEBUG - 2026-07-08 20:55:29 --> Session: Class initialized using 'CodeIgniter\Session\Handlers\FileHandler' driver.
INFO - 2026-07-08 20:55:54 --> CSRF token verified.
DEBUG - 2026-07-08 20:55:54 --> Session: Class initialized using 'CodeIgniter\Session\Handlers\FileHandler' driver.
DEBUG - 2026-07-08 20:55:54 --> Session: Class initialized using 'CodeIgniter\Session\Handlers\FileHandler' driver.
DEBUG - 2026-07-08 20:56:01 --> Session: Class initialized using 'CodeIgniter\Session\Handlers\FileHandler' driver.
DEBUG - 2026-07-08 20:56:04 --> Session: Class initialized using 'CodeIgniter\Session\Handlers\FileHandler' driver.
DEBUG - 2026-07-08 20:56:06 --> Session: Class initialized using 'CodeIgniter\Session\Handlers\FileHandler' driver.
INFO - 2026-07-08 20:56:12 --> CSRF token verified.
DEBUG - 2026-07-08 20:56:12 --> Session: Class initialized using 'CodeIgniter\Session\Handlers\FileHandler' driver.
DEBUG - 2026-07-08 20:56:12 --> Session: Class initialized using 'CodeIgniter\Session\Handlers\FileHandler' driver.
INFO - 2026-07-08 20:56:13 --> CSRF token verified.
DEBUG - 2026-07-08 20:56:13 --> Session: Class initialized using 'CodeIgniter\Session\Handlers\FileHandler' driver.
DEBUG - 2026-07-08 20:56:14 --> Session: Class initialized using 'CodeIgniter\Session\Handlers\FileHandler' driver.
DEBUG - 2026-07-08 20:56:18 --> Session: Class initialized using 'CodeIgniter\Session\Handlers\FileHandler' driver.
DEBUG - 2026-07-08 20:56:20 --> Session: Class initialized using 'CodeIgniter\Session\Handlers\FileHandler' driver.
DEBUG - 2026-07-08 20:56:22 --> Session: Class initialized using 'CodeIgniter\Session\Handlers\FileHandler' driver.
DEBUG - 2026-07-08 20:56:24 --> Session: Class initialized using 'CodeIgniter\Session\Handlers\FileHandler' driver.
INFO - 2026-07-08 20:56:27 --> CSRF token verified.
DEBUG - 2026-07-08 20:56:27 --> Session: Class initialized using 'CodeIgniter\Session\Handlers\FileHandler' driver.
DEBUG - 2026-07-08 20:56:27 --> Session: Class initialized using 'CodeIgniter\Session\Handlers\FileHandler' driver.
DEBUG - 2026-07-08 20:56:29 --> Session: Class initialized using 'CodeIgniter\Session\Handlers\FileHandler' driver.
DEBUG - 2026-07-08 20:56:32 --> Session: Class initialized using 'CodeIgniter\Session\Handlers\FileHandler' driver.
INFO - 2026-07-08 20:56:42 --> CSRF token verified.
DEBUG - 2026-07-08 20:56:42 --> Session: Class initialized using 'CodeIgniter\Session\Handlers\FileHandler' driver.
DEBUG - 2026-07-08 20:56:42 --> Session: Class initialized using 'CodeIgniter\Session\Handlers\FileHandler' driver.
DEBUG - 2026-07-08 20:56:43 --> Session: Class initialized using 'CodeIgniter\Session\Handlers\FileHandler' driver.
DEBUG - 2026-07-08 20:56:48 --> Session: Class initialized using 'CodeIgniter\Session\Handlers\FileHandler' driver.
DEBUG - 2026-07-08 20:56:56 --> Session: Class initialized using 'CodeIgniter\Session\Handlers\FileHandler' driver.
DEBUG - 2026-07-08 20:56:57 --> Session: Class initialized using 'CodeIgniter\Session\Handlers\FileHandler' driver.
DEBUG - 2026-07-08 20:57:01 --> Session: Class initialized using 'CodeIgniter\Session\Handlers\FileHandler' driver.
DEBUG - 2026-07-08 20:57:04 --> Session: Class initialized using 'CodeIgniter\Session\Handlers\FileHandler' driver.
DEBUG - 2026-07-08 20:57:07 --> Session: Class initialized using 'CodeIgniter\Session\Handlers\FileHandler' driver.
DEBUG - 2026-07-08 20:57:27 --> Session: Class initialized using 'CodeIgniter\Session\Handlers\FileHandler' driver.
DEBUG - 2026-07-08 20:57:27 --> Session: Class initialized using 'CodeIgniter\Session\Handlers\FileHandler' driver.
DEBUG - 2026-07-08 20:57:30 --> Session: Class initialized using 'CodeIgniter\Session\Handlers\FileHandler' driver.
INFO - 2026-07-08 20:58:58 --> CSRF token verified.
DEBUG - 2026-07-08 20:58:58 --> Session: Class initialized using 'CodeIgniter\Session\Handlers\FileHandler' driver.
DEBUG - 2026-07-08 20:58:59 --> Session: Class initialized using 'CodeIgniter\Session\Handlers\FileHandler' driver.
DEBUG - 2026-07-08 21:02:03 --> Session: Class initialized using 'CodeIgniter\Session\Handlers\FileHandler' driver.
INFO - 2026-07-08 21:02:06 --> CSRF token verified.
DEBUG - 2026-07-08 21:02:06 --> Session: Class initialized using 'CodeIgniter\Session\Handlers\FileHandler' driver.
DEBUG - 2026-07-08 21:02:06 --> Session: Class initialized using 'CodeIgniter\Session\Handlers\FileHandler' driver.
DEBUG - 2026-07-08 21:06:20 --> Session: Class initialized using 'CodeIgniter\Session\Handlers\FileHandler' driver.
DEBUG - 2026-07-08 21:06:43 --> Session: Class initialized using 'CodeIgniter\Session\Handlers\FileHandler' driver.
DEBUG - 2026-07-08 21:06:58 --> Session: Class initialized using 'CodeIgniter\Session\Handlers\FileHandler' driver.
INFO - 2026-07-08 21:07:12 --> CSRF token verified.
DEBUG - 2026-07-08 21:07:12 --> Session: Class initialized using 'CodeIgniter\Session\Handlers\FileHandler' driver.
DEBUG - 2026-07-08 21:07:13 --> Session: Class initialized using 'CodeIgniter\Session\Handlers\FileHandler' driver.
DEBUG - 2026-07-08 21:07:21 --> Session: Class initialized using 'CodeIgniter\Session\Handlers\FileHandler' driver.
INFO - 2026-07-08 21:07:28 --> CSRF token verified.
DEBUG - 2026-07-08 21:07:28 --> Session: Class initialized using 'CodeIgniter\Session\Handlers\FileHandler' driver.
DEBUG - 2026-07-08 21:07:28 --> Session: Class initialized using 'CodeIgniter\Session\Handlers\FileHandler' driver.
DEBUG - 2026-07-08 21:07:33 --> Session: Class initialized using 'CodeIgniter\Session\Handlers\FileHandler' driver.
DEBUG - 2026-07-08 21:07:38 --> Session: Class initialized using 'CodeIgniter\Session\Handlers\FileHandler' driver.
DEBUG - 2026-07-08 21:07:43 --> Session: Class initialized using 'CodeIgniter\Session\Handlers\FileHandler' driver.
DEBUG - 2026-07-08 21:07:46 --> Session: Class initialized using 'CodeIgniter\Session\Handlers\FileHandler' driver.
DEBUG - 2026-07-08 21:07:48 --> Session: Class initialized using 'CodeIgniter\Session\Handlers\FileHandler' driver.
DEBUG - 2026-07-08 21:07:55 --> Session: Class initialized using 'CodeIgniter\Session\Handlers\FileHandler' driver.
DEBUG - 2026-07-08 21:08:02 --> Session: Class initialized using 'CodeIgniter\Session\Handlers\FileHandler' driver.
DEBUG - 2026-07-08 21:08:11 --> Session: Class initialized using 'CodeIgniter\Session\Handlers\FileHandler' driver.
DEBUG - 2026-07-08 21:08:16 --> Session: Class initialized using 'CodeIgniter\Session\Handlers\FileHandler' driver.
DEBUG - 2026-07-08 21:08:16 --> Session: Class initialized using 'CodeIgniter\Session\Handlers\FileHandler' driver.
DEBUG - 2026-07-08 21:08:28 --> Session: Class initialized using 'CodeIgniter\Session\Handlers\FileHandler' driver.
DEBUG - 2026-07-08 21:08:35 --> Session: Class initialized using 'CodeIgniter\Session\Handlers\FileHandler' driver.
DEBUG - 2026-07-08 21:08:36 --> Session: Class initialized using 'CodeIgniter\Session\Handlers\FileHandler' driver.
DEBUG - 2026-07-08 21:08:38 --> Session: Class initialized using 'CodeIgniter\Session\Handlers\FileHandler' driver.
DEBUG - 2026-07-08 21:08:41 --> Session: Class initialized using 'CodeIgniter\Session\Handlers\FileHandler' driver.
DEBUG - 2026-07-08 21:08:43 --> Session: Class initialized using 'CodeIgniter\Session\Handlers\FileHandler' driver.
DEBUG - 2026-07-08 21:08:43 --> Session: Class initialized using 'CodeIgniter\Session\Handlers\FileHandler' driver.
DEBUG - 2026-07-08 21:08:46 --> Session: Class initialized using 'CodeIgniter\Session\Handlers\FileHandler' driver.
INFO - 2026-07-08 21:08:54 --> CSRF token verified.
DEBUG - 2026-07-08 21:08:55 --> Session: Class initialized using 'CodeIgniter\Session\Handlers\FileHandler' driver.
DEBUG - 2026-07-08 21:08:55 --> Session: Class initialized using 'CodeIgniter\Session\Handlers\FileHandler' driver.
DEBUG - 2026-07-08 21:08:58 --> Session: Class initialized using 'CodeIgniter\Session\Handlers\FileHandler' driver.
DEBUG - 2026-07-08 21:09:00 --> Session: Class initialized using 'CodeIgniter\Session\Handlers\FileHandler' driver.
DEBUG - 2026-07-08 21:09:09 --> Session: Class initialized using 'CodeIgniter\Session\Handlers\FileHandler' driver.
DEBUG - 2026-07-08 21:09:11 --> Session: Class initialized using 'CodeIgniter\Session\Handlers\FileHandler' driver.
INFO - 2026-07-08 21:09:25 --> CSRF token verified.
DEBUG - 2026-07-08 21:09:25 --> Session: Class initialized using 'CodeIgniter\Session\Handlers\FileHandler' driver.
DEBUG - 2026-07-08 21:09:49 --> Session: Class initialized using 'CodeIgniter\Session\Handlers\FileHandler' driver.
INFO - 2026-07-08 21:10:00 --> CSRF token verified.
DEBUG - 2026-07-08 21:10:00 --> Session: Class initialized using 'CodeIgniter\Session\Handlers\FileHandler' driver.
DEBUG - 2026-07-08 21:10:00 --> Session: Class initialized using 'CodeIgniter\Session\Handlers\FileHandler' driver.
INFO - 2026-07-08 21:10:01 --> CSRF token verified.
DEBUG - 2026-07-08 21:10:01 --> Session: Class initialized using 'CodeIgniter\Session\Handlers\FileHandler' driver.
DEBUG - 2026-07-08 21:10:02 --> Session: Class initialized using 'CodeIgniter\Session\Handlers\FileHandler' driver.
DEBUG - 2026-07-08 21:10:05 --> Session: Class initialized using 'CodeIgniter\Session\Handlers\FileHandler' driver.
DEBUG - 2026-07-08 21:10:07 --> Session: Class initialized using 'CodeIgniter\Session\Handlers\FileHandler' driver.
INFO - 2026-07-08 21:10:12 --> CSRF token verified.
DEBUG - 2026-07-08 21:10:12 --> Session: Class initialized using 'CodeIgniter\Session\Handlers\FileHandler' driver.
DEBUG - 2026-07-08 21:10:12 --> Session: Class initialized using 'CodeIgniter\Session\Handlers\FileHandler' driver.
DEBUG - 2026-07-08 21:10:18 --> Session: Class initialized using 'CodeIgniter\Session\Handlers\FileHandler' driver.
DEBUG - 2026-07-08 21:10:27 --> Session: Class initialized using 'CodeIgniter\Session\Handlers\FileHandler' driver.
DEBUG - 2026-07-08 21:10:36 --> Session: Class initialized using 'CodeIgniter\Session\Handlers\FileHandler' driver.
INFO - 2026-07-08 21:10:37 --> CSRF token verified.
DEBUG - 2026-07-08 21:10:37 --> Session: Class initialized using 'CodeIgniter\Session\Handlers\FileHandler' driver.
DEBUG - 2026-07-08 21:10:38 --> Session: Class initialized using 'CodeIgniter\Session\Handlers\FileHandler' driver.
DEBUG - 2026-07-08 21:10:40 --> Session: Class initialized using 'CodeIgniter\Session\Handlers\FileHandler' driver.
DEBUG - 2026-07-08 21:10:42 --> Session: Class initialized using 'CodeIgniter\Session\Handlers\FileHandler' driver.
DEBUG - 2026-07-08 21:11:52 --> Session: Class initialized using 'CodeIgniter\Session\Handlers\FileHandler' driver.
DEBUG - 2026-07-08 21:11:52 --> Session: Class initialized using 'CodeIgniter\Session\Handlers\FileHandler' driver.
DEBUG - 2026-07-08 21:11:53 --> Session: Class initialized using 'CodeIgniter\Session\Handlers\FileHandler' driver.
INFO - 2026-07-08 21:12:05 --> CSRF token verified.
DEBUG - 2026-07-08 21:12:05 --> Session: Class initialized using 'CodeIgniter\Session\Handlers\FileHandler' driver.
DEBUG - 2026-07-08 21:12:05 --> Session: Class initialized using 'CodeIgniter\Session\Handlers\FileHandler' driver.
DEBUG - 2026-07-08 21:12:11 --> Session: Class initialized using 'CodeIgniter\Session\Handlers\FileHandler' driver.
DEBUG - 2026-07-08 21:12:11 --> Session: Class initialized using 'CodeIgniter\Session\Handlers\FileHandler' driver.
DEBUG - 2026-07-08 21:12:13 --> Session: Class initialized using 'CodeIgniter\Session\Handlers\FileHandler' driver.
INFO - 2026-07-08 21:12:25 --> CSRF token verified.
DEBUG - 2026-07-08 21:12:25 --> Session: Class initialized using 'CodeIgniter\Session\Handlers\FileHandler' driver.
DEBUG - 2026-07-08 21:12:25 --> Session: Class initialized using 'CodeIgniter\Session\Handlers\FileHandler' driver.
DEBUG - 2026-07-08 21:12:28 --> Session: Class initialized using 'CodeIgniter\Session\Handlers\FileHandler' driver.
DEBUG - 2026-07-08 21:12:36 --> Session: Class initialized using 'CodeIgniter\Session\Handlers\FileHandler' driver.
DEBUG - 2026-07-08 21:12:41 --> Session: Class initialized using 'CodeIgniter\Session\Handlers\FileHandler' driver.
DEBUG - 2026-07-08 21:12:45 --> Session: Class initialized using 'CodeIgniter\Session\Handlers\FileHandler' driver.
DEBUG - 2026-07-08 21:12:49 --> Session: Class initialized using 'CodeIgniter\Session\Handlers\FileHandler' driver.
DEBUG - 2026-07-08 21:12:49 --> Session: Class initialized using 'CodeIgniter\Session\Handlers\FileHandler' driver.
DEBUG - 2026-07-08 21:12:57 --> Session: Class initialized using 'CodeIgniter\Session\Handlers\FileHandler' driver.
DEBUG - 2026-07-08 21:12:57 --> Session: Class initialized using 'CodeIgniter\Session\Handlers\FileHandler' driver.
INFO - 2026-07-08 21:13:06 --> CSRF token verified.
DEBUG - 2026-07-08 21:13:06 --> Session: Class initialized using 'CodeIgniter\Session\Handlers\FileHandler' driver.
DEBUG - 2026-07-08 21:13:07 --> Session: Class initialized using 'CodeIgniter\Session\Handlers\FileHandler' driver.
DEBUG - 2026-07-08 21:13:11 --> Session: Class initialized using 'CodeIgniter\Session\Handlers\FileHandler' driver.
DEBUG - 2026-07-08 21:13:11 --> Session: Class initialized using 'CodeIgniter\Session\Handlers\FileHandler' driver.
DEBUG - 2026-07-08 21:13:14 --> Session: Class initialized using 'CodeIgniter\Session\Handlers\FileHandler' driver.
DEBUG - 2026-07-08 21:13:16 --> Session: Class initialized using 'CodeIgniter\Session\Handlers\FileHandler' driver.
DEBUG - 2026-07-08 21:13:21 --> Session: Class initialized using 'CodeIgniter\Session\Handlers\FileHandler' driver.
DEBUG - 2026-07-08 21:13:24 --> Session: Class initialized using 'CodeIgniter\Session\Handlers\FileHandler' driver.
DEBUG - 2026-07-08 21:13:26 --> Session: Class initialized using 'CodeIgniter\Session\Handlers\FileHandler' driver.
DEBUG - 2026-07-08 21:13:29 --> Session: Class initialized using 'CodeIgniter\Session\Handlers\FileHandler' driver.
DEBUG - 2026-07-08 21:13:29 --> Session: Class initialized using 'CodeIgniter\Session\Handlers\FileHandler' driver.
DEBUG - 2026-07-08 21:14:12 --> Session: Class initialized using 'CodeIgniter\Session\Handlers\FileHandler' driver.
DEBUG - 2026-07-08 21:14:12 --> Session: Class initialized using 'CodeIgniter\Session\Handlers\FileHandler' driver.
DEBUG - 2026-07-08 21:18:13 --> Session: Class initialized using 'CodeIgniter\Session\Handlers\FileHandler' driver.
DEBUG - 2026-07-08 21:18:14 --> Session: Class initialized using 'CodeIgniter\Session\Handlers\FileHandler' driver.
DEBUG - 2026-07-08 21:18:19 --> Session: Class initialized using 'CodeIgniter\Session\Handlers\FileHandler' driver.
DEBUG - 2026-07-08 21:18:28 --> Session: Class initialized using 'CodeIgniter\Session\Handlers\FileHandler' driver.
DEBUG - 2026-07-08 21:18:28 --> Session: Class initialized using 'CodeIgniter\Session\Handlers\FileHandler' driver.
DEBUG - 2026-07-08 21:18:30 --> Session: Class initialized using 'CodeIgniter\Session\Handlers\FileHandler' driver.
DEBUG - 2026-07-08 21:18:33 --> Session: Class initialized using 'CodeIgniter\Session\Handlers\FileHandler' driver.
INFO - 2026-07-08 21:18:48 --> CSRF token verified.
DEBUG - 2026-07-08 21:18:48 --> Session: Class initialized using 'CodeIgniter\Session\Handlers\FileHandler' driver.
DEBUG - 2026-07-08 21:18:48 --> Session: Class initialized using 'CodeIgniter\Session\Handlers\FileHandler' driver.
DEBUG - 2026-07-08 21:18:53 --> Session: Class initialized using 'CodeIgniter\Session\Handlers\FileHandler' driver.
DEBUG - 2026-07-08 21:19:19 --> Session: Class initialized using 'CodeIgniter\Session\Handlers\FileHandler' driver.
DEBUG - 2026-07-08 21:19:22 --> Session: Class initialized using 'CodeIgniter\Session\Handlers\FileHandler' driver.
DEBUG - 2026-07-08 21:19:22 --> Session: Class initialized using 'CodeIgniter\Session\Handlers\FileHandler' driver.
DEBUG - 2026-07-08 21:24:51 --> Session: Class initialized using 'CodeIgniter\Session\Handlers\FileHandler' driver.
DEBUG - 2026-07-08 21:24:55 --> Session: Class initialized using 'CodeIgniter\Session\Handlers\FileHandler' driver.
DEBUG - 2026-07-08 21:25:01 --> Session: Class initialized using 'CodeIgniter\Session\Handlers\FileHandler' driver.
DEBUG - 2026-07-08 21:55:58 --> Session: Class initialized using 'CodeIgniter\Session\Handlers\FileHandler' driver.
DEBUG - 2026-07-08 21:56:01 --> Session: Class initialized using 'CodeIgniter\Session\Handlers\FileHandler' driver.
DEBUG - 2026-07-08 21:56:01 --> Session: Class initialized using 'CodeIgniter\Session\Handlers\FileHandler' driver.
DEBUG - 2026-07-08 21:58:25 --> Session: Class initialized using 'CodeIgniter\Session\Handlers\FileHandler' driver.
DEBUG - 2026-07-08 21:58:28 --> Session: Class initialized using 'CodeIgniter\Session\Handlers\FileHandler' driver.
INFO - 2026-07-08 21:59:03 --> CSRF token verified.
DEBUG - 2026-07-08 21:59:03 --> Session: Class initialized using 'CodeIgniter\Session\Handlers\FileHandler' driver.
DEBUG - 2026-07-08 21:59:03 --> Session: Class initialized using 'CodeIgniter\Session\Handlers\FileHandler' driver.
DEBUG - 2026-07-08 21:59:10 --> Session: Class initialized using 'CodeIgniter\Session\Handlers\FileHandler' driver.
DEBUG - 2026-07-08 22:14:01 --> Session: Class initialized using 'CodeIgniter\Session\Handlers\FileHandler' driver.
DEBUG - 2026-07-08 22:14:03 --> Session: Class initialized using 'CodeIgniter\Session\Handlers\FileHandler' driver.
DEBUG - 2026-07-08 22:14:05 --> Session: Class initialized using 'CodeIgniter\Session\Handlers\FileHandler' driver.
DEBUG - 2026-07-08 22:14:13 --> Session: Class initialized using 'CodeIgniter\Session\Handlers\FileHandler' driver.
DEBUG - 2026-07-08 22:14:17 --> Session: Class initialized using 'CodeIgniter\Session\Handlers\FileHandler' driver.
DEBUG - 2026-07-08 22:14:20 --> Session: Class initialized using 'CodeIgniter\Session\Handlers\FileHandler' driver.
DEBUG - 2026-07-08 22:14:26 --> Session: Class initialized using 'CodeIgniter\Session\Handlers\FileHandler' driver.
DEBUG - 2026-07-08 22:14:27 --> Session: Class initialized using 'CodeIgniter\Session\Handlers\FileHandler' driver.
DEBUG - 2026-07-08 22:14:34 --> Session: Class initialized using 'CodeIgniter\Session\Handlers\FileHandler' driver.
INFO - 2026-07-08 22:14:47 --> CSRF token verified.
DEBUG - 2026-07-08 22:14:47 --> Session: Class initialized using 'CodeIgniter\Session\Handlers\FileHandler' driver.
DEBUG - 2026-07-08 22:14:48 --> Session: Class initialized using 'CodeIgniter\Session\Handlers\FileHandler' driver.
DEBUG - 2026-07-08 22:14:52 --> Session: Class initialized using 'CodeIgniter\Session\Handlers\FileHandler' driver.
DEBUG - 2026-07-08 22:15:24 --> Session: Class initialized using 'CodeIgniter\Session\Handlers\FileHandler' driver.
DEBUG - 2026-07-08 22:24:39 --> Session: Class initialized using 'CodeIgniter\Session\Handlers\FileHandler' driver.
DEBUG - 2026-07-08 22:24:42 --> Session: Class initialized using 'CodeIgniter\Session\Handlers\FileHandler' driver.
DEBUG - 2026-07-08 22:24:42 --> Session: Class initialized using 'CodeIgniter\Session\Handlers\FileHandler' driver.
DEBUG - 2026-07-08 22:24:46 --> Session: Class initialized using 'CodeIgniter\Session\Handlers\FileHandler' driver.
INFO - 2026-07-08 22:24:55 --> CSRF token verified.
DEBUG - 2026-07-08 22:24:55 --> Session: Class initialized using 'CodeIgniter\Session\Handlers\FileHandler' driver.
DEBUG - 2026-07-08 22:24:55 --> Session: Class initialized using 'CodeIgniter\Session\Handlers\FileHandler' driver.
DEBUG - 2026-07-08 22:27:14 --> Session: Class initialized using 'CodeIgniter\Session\Handlers\FileHandler' driver.
DEBUG - 2026-07-08 22:27:18 --> Session: Class initialized using 'CodeIgniter\Session\Handlers\FileHandler' driver.
INFO - 2026-07-08 22:27:44 --> CSRF token verified.
DEBUG - 2026-07-08 22:27:44 --> Session: Class initialized using 'CodeIgniter\Session\Handlers\FileHandler' driver.
DEBUG - 2026-07-08 22:27:44 --> Session: Class initialized using 'CodeIgniter\Session\Handlers\FileHandler' driver.
DEBUG - 2026-07-08 22:27:49 --> Session: Class initialized using 'CodeIgniter\Session\Handlers\FileHandler' driver.
DEBUG - 2026-07-08 22:28:26 --> Session: Class initialized using 'CodeIgniter\Session\Handlers\FileHandler' driver.
DEBUG - 2026-07-08 22:28:27 --> Session: Class initialized using 'CodeIgniter\Session\Handlers\FileHandler' driver.
DEBUG - 2026-07-08 22:28:31 --> Session: Class initialized using 'CodeIgniter\Session\Handlers\FileHandler' driver.
DEBUG - 2026-07-08 22:28:34 --> Session: Class initialized using 'CodeIgniter\Session\Handlers\FileHandler' driver.
DEBUG - 2026-07-08 22:29:03 --> Session: Class initialized using 'CodeIgniter\Session\Handlers\FileHandler' driver.
DEBUG - 2026-07-08 22:29:08 --> Session: Class initialized using 'CodeIgniter\Session\Handlers\FileHandler' driver.
DEBUG - 2026-07-08 22:29:12 --> Session: Class initialized using 'CodeIgniter\Session\Handlers\FileHandler' driver.
DEBUG - 2026-07-08 22:29:58 --> Session: Class initialized using 'CodeIgniter\Session\Handlers\FileHandler' driver.
DEBUG - 2026-07-08 22:30:04 --> Session: Class initialized using 'CodeIgniter\Session\Handlers\FileHandler' driver.
DEBUG - 2026-07-08 22:30:07 --> Session: Class initialized using 'CodeIgniter\Session\Handlers\FileHandler' driver.
DEBUG - 2026-07-08 22:30:34 --> Session: Class initialized using 'CodeIgniter\Session\Handlers\FileHandler' driver.
DEBUG - 2026-07-08 22:31:13 --> Session: Class initialized using 'CodeIgniter\Session\Handlers\FileHandler' driver.
DEBUG - 2026-07-08 22:31:16 --> Session: Class initialized using 'CodeIgniter\Session\Handlers\FileHandler' driver.
